# JRE version: Java(TM) SE Runtime Environment (8.0_201-b09) (build 1.8.0_201-b09)
# Java VM: Java HotSpot(TM) 64-Bit Server VM (25.201-b09 mixed mode linux-amd64 compressed oops)
Heap:
 PSYoungGen      total 73728K, used 49211K [0x000000076e400000, 0x0000000774100000, 0x00000007c0000000)
  eden space 63488K, 61% used [0x000000076e400000,0x0000000770a0f7e8,0x0000000772200000)
  from space 10240K, 99% used [0x0000000772c00000,0x00000007735ff788,0x0000000773600000)
  to   space 10240K, 0% used [0x0000000772200000,0x0000000772200000,0x0000000772c00000)
 ParOldGen       total 127488K, used 30502K [0x00000006cac00000, 0x00000006d2880000, 0x000000076e400000)
  object space 127488K, 23% used [0x00000006cac00000,0x00000006cc9c9a20,0x00000006d2880000)
 Metaspace       used 23334K, capacity 24500K, committed 24624K, reserved 1071104K
  class space    used 3123K, capacity 3364K, committed 3376K, reserved 1048576K
GC Heap History (6 events):
Event: 2.016 GC heap before
{Heap before GC invocations=1 (full 0):
 PSYoungGen      total 73728K, used 56401K [0x000000076e400000, 0x0000000773600000, 0x00000007c0000000)
  eden space 63488K, 88% used [0x000000076e400000,0x0000000771b145c8,0x0000000772200000)
  from space 10240K, 0% used [0x0000000772c00000,0x0000000772c00000,0x0000000773600000)
  to   space 10240K, 0% used [0x0000000772200000,0x0000000772200000,0x0000000772c00000)
 ParOldGen       total 167936K, used 0K [0x00000006cac00000, 0x00000006d5000000, 0x000000076e400000)
  object space 167936K, 0% used [0x00000006cac00000,0x00000006cac00000,0x00000006d5000000)
 Metaspace       used 20414K, capacity 21246K, committed 21296K, reserved 1067008K
  class space    used 2870K, capacity 3089K, committed 3120K, reserved 1048576K
Event: 2.037 GC heap after
Heap after GC invocations=1 (full 0):
 PSYoungGen      total 73728K, used 10234K [0x000000076e400000, 0x0000000773600000, 0x00000007c0000000)
  eden space 63488K, 0% used [0x000000076e400000,0x000000076e400000,0x0000000772200000)
  from space 10240K, 99% used [0x0000000772200000,0x0000000772bfe9e8,0x0000000772c00000)
  to   space 10240K, 0% used [0x0000000772c00000,0x0000000772c00000,0x0000000773600000)
 ParOldGen       total 167936K, used 4176K [0x00000006cac00000, 0x00000006d5000000, 0x000000076e400000)
  object space 167936K, 2% used [0x00000006cac00000,0x00000006cb0143c8,0x00000006d5000000)
 Metaspace       used 20414K, capacity 21246K, committed 21296K, reserved 1067008K
  class space    used 2870K, capacity 3089K, committed 3120K, reserved 1048576K
}
Event: 2.037 GC heap before
{Heap before GC invocations=2 (full 1):
 PSYoungGen      total 73728K, used 10234K [0x000000076e400000, 0x0000000773600000, 0x00000007c0000000)
  eden space 63488K, 0% used [0x000000076e400000,0x000000076e400000,0x0000000772200000)
  from space 10240K, 99% used [0x0000000772200000,0x0000000772bfe9e8,0x0000000772c00000)
  to   space 10240K, 0% used [0x0000000772c00000,0x0000000772c00000,0x0000000773600000)
 ParOldGen       total 167936K, used 4176K [0x00000006cac00000, 0x00000006d5000000, 0x000000076e400000)
  object space 167936K, 2% used [0x00000006cac00000,0x00000006cb0143c8,0x00000006d5000000)
 Metaspace       used 20414K, capacity 21246K, committed 21296K, reserved 1067008K
  class space    used 2870K, capacity 3089K, committed 3120K, reserved 1048576K
Event: 2.087 GC heap after
Heap after GC invocations=2 (full 1):
 PSYoungGen      total 73728K, used 0K [0x000000076e400000, 0x0000000773600000, 0x00000007c0000000)
  eden space 63488K, 0% used [0x000000076e400000,0x000000076e400000,0x0000000772200000)
  from space 10240K, 0% used [0x0000000772200000,0x0000000772200000,0x0000000772c00000)
  to   space 10240K, 0% used [0x0000000772c00000,0x0000000772c00000,0x0000000773600000)
 ParOldGen       total 127488K, used 14196K [0x00000006cac00000, 0x00000006d2880000, 0x000000076e400000)
  object space 127488K, 11% used [0x00000006cac00000,0x00000006cb9dd048,0x00000006d2880000)
 Metaspace       used 20414K, capacity 21246K, committed 21296K, reserved 1067008K
  class space    used 2870K, capacity 3089K, committed 3120K, reserved 1048576K
}
Event: 61.138 GC heap before
{Heap before GC invocations=3 (full 1):
 PSYoungGen      total 73728K, used 63288K [0x000000076e400000, 0x0000000773600000, 0x00000007c0000000)
  eden space 63488K, 99% used [0x000000076e400000,0x00000007721ce0f0,0x0000000772200000)
  from space 10240K, 0% used [0x0000000772200000,0x0000000772200000,0x0000000772c00000)
  to   space 10240K, 0% used [0x0000000772c00000,0x0000000772c00000,0x0000000773600000)
 ParOldGen       total 127488K, used 14196K [0x00000006cac00000, 0x00000006d2880000, 0x000000076e400000)
  object space 127488K, 11% used [0x00000006cac00000,0x00000006cb9dd048,0x00000006d2880000)
 Metaspace       used 23213K, capacity 24240K, committed 24368K, reserved 1071104K
  class space    used 3110K, capacity 3326K, committed 3376K, reserved 1048576K
Event: 61.150 GC heap after
Heap after GC invocations=3 (full 1):
 PSYoungGen      total 73728K, used 10237K [0x000000076e400000, 0x0000000774100000, 0x00000007c0000000)
  eden space 63488K, 0% used [0x000000076e400000,0x000000076e400000,0x0000000772200000)
  from space 10240K, 99% used [0x0000000772c00000,0x00000007735ff788,0x0000000773600000)
  to   space 10240K, 0% used [0x0000000772200000,0x0000000772200000,0x0000000772c00000)
 ParOldGen       total 127488K, used 30502K [0x00000006cac00000, 0x00000006d2880000, 0x000000076e400000)
  object space 127488K, 23% used [0x00000006cac00000,0x00000006cc9c9a20,0x00000006d2880000)
 Metaspace       used 23213K, capacity 24240K, committed 24368K, reserved 1071104K
  class space    used 3110K, capacity 3326K, committed 3376K, reserved 1048576K
}

