# JRE version: Java(TM) SE Runtime Environment (8.0_131-b11) (build 1.8.0_131-b11)
# Java VM: Java HotSpot(TM) 64-Bit Server VM (25.131-b11 mixed mode linux-amd64 compressed oops)
Heap:
 PSYoungGen      total 312832K, used 302091K [0x000000076e500000, 0x0000000790c00000, 0x00000007c0000000)
  eden space 166912K, 93% used [0x000000076e500000,0x0000000777d853d0,0x0000000778800000)
  from space 145920K, 99% used [0x0000000778800000,0x000000078167d950,0x0000000781680000)
  to   space 179712K, 0% used [0x0000000785c80000,0x0000000785c80000,0x0000000790c00000)
 ParOldGen       total 358400K, used 223762K [0x00000006cae00000, 0x00000006e0c00000, 0x000000076e500000)
  object space 358400K, 62% used [0x00000006cae00000,0x00000006d8884930,0x00000006e0c00000)
 Metaspace       used 28497K, capacity 30064K, committed 30336K, reserved 1075200K
  class space    used 3644K, capacity 3946K, committed 3968K, reserved 1048576K
GC Heap History (10 events):
Event: 2006.336 GC heap before
{Heap before GC invocations=23 (full 2):
 PSYoungGen      total 246784K, used 167754K [0x000000076e500000, 0x0000000783a00000, 0x00000007c0000000)
  eden space 144896K, 99% used [0x000000076e500000,0x00000007771c4e88,0x0000000777280000)
  from space 101888K, 23% used [0x000000077d600000,0x000000077ed0d9a0,0x0000000783980000)
  to   space 101888K, 0% used [0x0000000777280000,0x0000000777280000,0x000000077d600000)
 ParOldGen       total 358400K, used 152877K [0x00000006cae00000, 0x00000006e0c00000, 0x000000076e500000)
  object space 358400K, 42% used [0x00000006cae00000,0x00000006d434b440,0x00000006e0c00000)
 Metaspace       used 27878K, capacity 29478K, committed 29568K, reserved 1075200K
  class space    used 3631K, capacity 3945K, committed 3968K, reserved 1048576K
Event: 2006.345 GC heap after
Heap after GC invocations=23 (full 2):
 PSYoungGen      total 246784K, used 45008K [0x000000076e500000, 0x0000000784400000, 0x00000007c0000000)
  eden space 144896K, 0% used [0x000000076e500000,0x000000076e500000,0x0000000777280000)
  from space 101888K, 44% used [0x0000000777280000,0x0000000779e74028,0x000000077d600000)
  to   space 97792K, 0% used [0x000000077e480000,0x000000077e480000,0x0000000784400000)
 ParOldGen       total 358400K, used 156678K [0x00000006cae00000, 0x00000006e0c00000, 0x000000076e500000)
  object space 358400K, 43% used [0x00000006cae00000,0x00000006d4701ba0,0x00000006e0c00000)
 Metaspace       used 27878K, capacity 29478K, committed 29568K, reserved 1075200K
  class space    used 3631K, capacity 3945K, committed 3968K, reserved 1048576K
}
Event: 2006.716 GC heap before
{Heap before GC invocations=24 (full 2):
 PSYoungGen      total 246784K, used 189904K [0x000000076e500000, 0x0000000784400000, 0x00000007c0000000)
  eden space 144896K, 100% used [0x000000076e500000,0x0000000777280000,0x0000000777280000)
  from space 101888K, 44% used [0x0000000777280000,0x0000000779e74028,0x000000077d600000)
  to   space 97792K, 0% used [0x000000077e480000,0x000000077e480000,0x0000000784400000)
 ParOldGen       total 358400K, used 156678K [0x00000006cae00000, 0x00000006e0c00000, 0x000000076e500000)
  object space 358400K, 43% used [0x00000006cae00000,0x00000006d4701ba0,0x00000006e0c00000)
 Metaspace       used 27921K, capacity 29478K, committed 29568K, reserved 1075200K
  class space    used 3631K, capacity 3945K, committed 3968K, reserved 1048576K
Event: 2006.732 GC heap after
Heap after GC invocations=24 (full 2):
 PSYoungGen      total 253440K, used 85541K [0x000000076e500000, 0x0000000785c00000, 0x00000007c0000000)
  eden space 155648K, 0% used [0x000000076e500000,0x000000076e500000,0x0000000777d00000)
  from space 97792K, 87% used [0x000000077e480000,0x00000007838095e8,0x0000000784400000)
  to   space 105984K, 0% used [0x0000000777d00000,0x0000000777d00000,0x000000077e480000)
 ParOldGen       total 358400K, used 157214K [0x00000006cae00000, 0x00000006e0c00000, 0x000000076e500000)
  object space 358400K, 43% used [0x00000006cae00000,0x00000006d4787bc0,0x00000006e0c00000)
 Metaspace       used 27921K, capacity 29478K, committed 29568K, reserved 1075200K
  class space    used 3631K, capacity 3945K, committed 3968K, reserved 1048576K
}
Event: 2007.141 GC heap before
{Heap before GC invocations=25 (full 2):
 PSYoungGen      total 253440K, used 241189K [0x000000076e500000, 0x0000000785c00000, 0x00000007c0000000)
  eden space 155648K, 100% used [0x000000076e500000,0x0000000777d00000,0x0000000777d00000)
  from space 97792K, 87% used [0x000000077e480000,0x00000007838095e8,0x0000000784400000)
  to   space 105984K, 0% used [0x0000000777d00000,0x0000000777d00000,0x000000077e480000)
 ParOldGen       total 358400K, used 157214K [0x00000006cae00000, 0x00000006e0c00000, 0x000000076e500000)
  object space 358400K, 43% used [0x00000006cae00000,0x00000006d4787bc0,0x00000006e0c00000)
 Metaspace       used 27962K, capacity 29542K, committed 29824K, reserved 1075200K
  class space    used 3631K, capacity 3945K, committed 3968K, reserved 1048576K
Event: 2007.168 GC heap after
Heap after GC invocations=25 (full 2):
 PSYoungGen      total 261632K, used 105978K [0x000000076e500000, 0x0000000788c00000, 0x00000007c0000000)
  eden space 155648K, 0% used [0x000000076e500000,0x000000076e500000,0x0000000777d00000)
  from space 105984K, 99% used [0x0000000777d00000,0x000000077e47eb40,0x000000077e480000)
  to   space 120320K, 0% used [0x0000000781680000,0x0000000781680000,0x0000000788c00000)
 ParOldGen       total 358400K, used 165926K [0x00000006cae00000, 0x00000006e0c00000, 0x000000076e500000)
  object space 358400K, 46% used [0x00000006cae00000,0x00000006d5009990,0x00000006e0c00000)
 Metaspace       used 27962K, capacity 29542K, committed 29824K, reserved 1075200K
  class space    used 3631K, capacity 3945K, committed 3968K, reserved 1048576K
}
Event: 2007.574 GC heap before
{Heap before GC invocations=26 (full 2):
 PSYoungGen      total 261632K, used 261558K [0x000000076e500000, 0x0000000788c00000, 0x00000007c0000000)
  eden space 155648K, 99% used [0x000000076e500000,0x0000000777ceeda0,0x0000000777d00000)
  from space 105984K, 99% used [0x0000000777d00000,0x000000077e47eb40,0x000000077e480000)
  to   space 120320K, 0% used [0x0000000781680000,0x0000000781680000,0x0000000788c00000)
 ParOldGen       total 358400K, used 165926K [0x00000006cae00000, 0x00000006e0c00000, 0x000000076e500000)
  object space 358400K, 46% used [0x00000006cae00000,0x00000006d5009990,0x00000006e0c00000)
 Metaspace       used 27990K, capacity 29542K, committed 29824K, reserved 1075200K
  class space    used 3631K, capacity 3945K, committed 3968K, reserved 1048576K
Event: 2007.622 GC heap after
Heap after GC invocations=26 (full 2):
 PSYoungGen      total 287232K, used 120315K [0x000000076e500000, 0x000000078c580000, 0x00000007c0000000)
  eden space 166912K, 0% used [0x000000076e500000,0x000000076e500000,0x0000000778800000)
  from space 120320K, 99% used [0x0000000781680000,0x0000000788bfef68,0x0000000788c00000)
  to   space 145920K, 0% used [0x0000000778800000,0x0000000778800000,0x0000000781680000)
 ParOldGen       total 358400K, used 190081K [0x00000006cae00000, 0x00000006e0c00000, 0x000000076e500000)
  object space 358400K, 53% used [0x00000006cae00000,0x00000006d67a0448,0x00000006e0c00000)
 Metaspace       used 27990K, capacity 29542K, committed 29824K, reserved 1075200K
  class space    used 3631K, capacity 3945K, committed 3968K, reserved 1048576K
}
Event: 2008.043 GC heap before
{Heap before GC invocations=27 (full 2):
 PSYoungGen      total 287232K, used 285367K [0x000000076e500000, 0x000000078c580000, 0x00000007c0000000)
  eden space 166912K, 98% used [0x000000076e500000,0x000000077862ed00,0x0000000778800000)
  from space 120320K, 99% used [0x0000000781680000,0x0000000788bfef68,0x0000000788c00000)
  to   space 145920K, 0% used [0x0000000778800000,0x0000000778800000,0x0000000781680000)
 ParOldGen       total 358400K, used 190081K [0x00000006cae00000, 0x00000006e0c00000, 0x000000076e500000)
  object space 358400K, 53% used [0x00000006cae00000,0x00000006d67a0448,0x00000006e0c00000)
 Metaspace       used 28062K, capacity 29610K, committed 29824K, reserved 1075200K
  class space    used 3631K, capacity 3945K, committed 3968K, reserved 1048576K
Event: 2008.085 GC heap after
Heap after GC invocations=27 (full 2):
 PSYoungGen      total 312832K, used 145910K [0x000000076e500000, 0x0000000790c00000, 0x00000007c0000000)
  eden space 166912K, 0% used [0x000000076e500000,0x000000076e500000,0x0000000778800000)
  from space 145920K, 99% used [0x0000000778800000,0x000000078167d950,0x0000000781680000)
  to   space 179712K, 0% used [0x0000000785c80000,0x0000000785c80000,0x0000000790c00000)
 ParOldGen       total 358400K, used 223762K [0x00000006cae00000, 0x00000006e0c00000, 0x000000076e500000)
  object space 358400K, 62% used [0x00000006cae00000,0x00000006d8884930,0x00000006e0c00000)
 Metaspace       used 28062K, capacity 29610K, committed 29824K, reserved 1075200K
  class space    used 3631K, capacity 3945K, committed 3968K, reserved 1048576K
}

