# JRE version: Java(TM) SE Runtime Environment (8.0_201-b09) (build 1.8.0_201-b09)
# Java VM: Java HotSpot(TM) 64-Bit Server VM (25.201-b09 mixed mode linux-amd64 compressed oops)
Heap:
 PSYoungGen      total 83968K, used 15846K [0x000000076e400000, 0x0000000777400000, 0x00000007c0000000)
  eden space 73728K, 7% used [0x000000076e400000,0x000000076e98ef18,0x0000000772c00000)
  from space 10240K, 99% used [0x0000000776a00000,0x00000007773eac18,0x0000000777400000)
  to   space 10240K, 0% used [0x0000000776000000,0x0000000776000000,0x0000000776a00000)
 ParOldGen       total 131072K, used 48130K [0x00000006cac00000, 0x00000006d2c00000, 0x000000076e400000)
  object space 131072K, 36% used [0x00000006cac00000,0x00000006cdb00ba8,0x00000006d2c00000)
 Metaspace       used 22469K, capacity 23566K, committed 23808K, reserved 1069056K
  class space    used 3070K, capacity 3317K, committed 3328K, reserved 1048576K
GC Heap History (6 events):
Event: 1.363 GC heap before
{Heap before GC invocations=1 (full 0):
 PSYoungGen      total 73728K, used 57605K [0x000000076e400000, 0x0000000773600000, 0x00000007c0000000)
  eden space 63488K, 90% used [0x000000076e400000,0x0000000771c41410,0x0000000772200000)
  from space 10240K, 0% used [0x0000000772c00000,0x0000000772c00000,0x0000000773600000)
  to   space 10240K, 0% used [0x0000000772200000,0x0000000772200000,0x0000000772c00000)
 ParOldGen       total 167936K, used 0K [0x00000006cac00000, 0x00000006d5000000, 0x000000076e400000)
  object space 167936K, 0% used [0x00000006cac00000,0x00000006cac00000,0x00000006d5000000)
 Metaspace       used 20420K, capacity 21184K, committed 21248K, reserved 1067008K
  class space    used 2885K, capacity 3048K, committed 3072K, reserved 1048576K
Event: 1.380 GC heap after
Heap after GC invocations=1 (full 0):
 PSYoungGen      total 73728K, used 10234K [0x000000076e400000, 0x0000000777400000, 0x00000007c0000000)
  eden space 63488K, 0% used [0x000000076e400000,0x000000076e400000,0x0000000772200000)
  from space 10240K, 99% used [0x0000000772200000,0x0000000772bfe9c8,0x0000000772c00000)
  to   space 10240K, 0% used [0x0000000776a00000,0x0000000776a00000,0x0000000777400000)
 ParOldGen       total 167936K, used 4529K [0x00000006cac00000, 0x00000006d5000000, 0x000000076e400000)
  object space 167936K, 2% used [0x00000006cac00000,0x00000006cb06c7e0,0x00000006d5000000)
 Metaspace       used 20420K, capacity 21184K, committed 21248K, reserved 1067008K
  class space    used 2885K, capacity 3048K, committed 3072K, reserved 1048576K
}
Event: 1.380 GC heap before
{Heap before GC invocations=2 (full 1):
 PSYoungGen      total 73728K, used 10234K [0x000000076e400000, 0x0000000777400000, 0x00000007c0000000)
  eden space 63488K, 0% used [0x000000076e400000,0x000000076e400000,0x0000000772200000)
  from space 10240K, 99% used [0x0000000772200000,0x0000000772bfe9c8,0x0000000772c00000)
  to   space 10240K, 0% used [0x0000000776a00000,0x0000000776a00000,0x0000000777400000)
 ParOldGen       total 167936K, used 4529K [0x00000006cac00000, 0x00000006d5000000, 0x000000076e400000)
  object space 167936K, 2% used [0x00000006cac00000,0x00000006cb06c7e0,0x00000006d5000000)
 Metaspace       used 20420K, capacity 21184K, committed 21248K, reserved 1067008K
  class space    used 2885K, capacity 3048K, committed 3072K, reserved 1048576K
Event: 1.431 GC heap after
Heap after GC invocations=2 (full 1):
 PSYoungGen      total 73728K, used 0K [0x000000076e400000, 0x0000000777400000, 0x00000007c0000000)
  eden space 63488K, 0% used [0x000000076e400000,0x000000076e400000,0x0000000772200000)
  from space 10240K, 0% used [0x0000000772200000,0x0000000772200000,0x0000000772c00000)
  to   space 10240K, 0% used [0x0000000776a00000,0x0000000776a00000,0x0000000777400000)
 ParOldGen       total 131072K, used 14549K [0x00000006cac00000, 0x00000006d2c00000, 0x000000076e400000)
  object space 131072K, 11% used [0x00000006cac00000,0x00000006cba355f8,0x00000006d2c00000)
 Metaspace       used 20420K, capacity 21184K, committed 21248K, reserved 1067008K
  class space    used 2885K, capacity 3048K, committed 3072K, reserved 1048576K
}
Event: 9.172 GC heap before
{Heap before GC invocations=3 (full 1):
 PSYoungGen      total 73728K, used 62967K [0x000000076e400000, 0x0000000777400000, 0x00000007c0000000)
  eden space 63488K, 99% used [0x000000076e400000,0x000000077217df70,0x0000000772200000)
  from space 10240K, 0% used [0x0000000772200000,0x0000000772200000,0x0000000772c00000)
  to   space 10240K, 0% used [0x0000000776a00000,0x0000000776a00000,0x0000000777400000)
 ParOldGen       total 131072K, used 14549K [0x00000006cac00000, 0x00000006d2c00000, 0x000000076e400000)
  object space 131072K, 11% used [0x00000006cac00000,0x00000006cba355f8,0x00000006d2c00000)
 Metaspace       used 22389K, capacity 23502K, committed 23552K, reserved 1069056K
  class space    used 3066K, capacity 3317K, committed 3328K, reserved 1048576K
Event: 9.187 GC heap after
Heap after GC invocations=3 (full 1):
 PSYoungGen      total 83968K, used 10155K [0x000000076e400000, 0x0000000777400000, 0x00000007c0000000)
  eden space 73728K, 0% used [0x000000076e400000,0x000000076e400000,0x0000000772c00000)
  from space 10240K, 99% used [0x0000000776a00000,0x00000007773eac18,0x0000000777400000)
  to   space 10240K, 0% used [0x0000000776000000,0x0000000776000000,0x0000000776a00000)
 ParOldGen       total 131072K, used 48130K [0x00000006cac00000, 0x00000006d2c00000, 0x000000076e400000)
  object space 131072K, 36% used [0x00000006cac00000,0x00000006cdb00ba8,0x00000006d2c00000)
 Metaspace       used 22389K, capacity 23502K, committed 23552K, reserved 1069056K
  class space    used 3066K, capacity 3317K, committed 3328K, reserved 1048576K
}

