# JRE version: Java(TM) SE Runtime Environment (8.0_201-b09) (build 1.8.0_201-b09)
# Java VM: Java HotSpot(TM) 64-Bit Server VM (25.201-b09 mixed mode linux-amd64 compressed oops)
Heap:
 PSYoungGen      total 84480K, used 21998K [0x000000076e400000, 0x0000000777400000, 0x00000007c0000000)
  eden space 74240K, 15% used [0x000000076e400000,0x000000076ef82be0,0x0000000772c80000)
  from space 10240K, 99% used [0x0000000776a00000,0x00000007773f8da8,0x0000000777400000)
  to   space 10240K, 0% used [0x0000000776000000,0x0000000776000000,0x0000000776a00000)
 ParOldGen       total 129536K, used 44982K [0x00000006cac00000, 0x00000006d2a80000, 0x000000076e400000)
  object space 129536K, 34% used [0x00000006cac00000,0x00000006cd7eda38,0x00000006d2a80000)
 Metaspace       used 22503K, capacity 23532K, committed 23552K, reserved 1069056K
  class space    used 3066K, capacity 3310K, committed 3328K, reserved 1048576K
GC Heap History (6 events):
Event: 1.094 GC heap before
{Heap before GC invocations=1 (full 0):
 PSYoungGen      total 73728K, used 58930K [0x000000076e400000, 0x0000000773600000, 0x00000007c0000000)
  eden space 63488K, 92% used [0x000000076e400000,0x0000000771d8c9d8,0x0000000772200000)
  from space 10240K, 0% used [0x0000000772c00000,0x0000000772c00000,0x0000000773600000)
  to   space 10240K, 0% used [0x0000000772200000,0x0000000772200000,0x0000000772c00000)
 ParOldGen       total 167936K, used 0K [0x00000006cac00000, 0x00000006d5000000, 0x000000076e400000)
  object space 167936K, 0% used [0x00000006cac00000,0x00000006cac00000,0x00000006d5000000)
 Metaspace       used 20272K, capacity 21160K, committed 21296K, reserved 1067008K
  class space    used 2868K, capacity 3080K, committed 3200K, reserved 1048576K
Event: 1.107 GC heap after
Heap after GC invocations=1 (full 0):
 PSYoungGen      total 73728K, used 10238K [0x000000076e400000, 0x0000000777400000, 0x00000007c0000000)
  eden space 63488K, 0% used [0x000000076e400000,0x000000076e400000,0x0000000772200000)
  from space 10240K, 99% used [0x0000000772200000,0x0000000772bffa68,0x0000000772c00000)
  to   space 10240K, 0% used [0x0000000776a00000,0x0000000776a00000,0x0000000777400000)
 ParOldGen       total 167936K, used 4420K [0x00000006cac00000, 0x00000006d5000000, 0x000000076e400000)
  object space 167936K, 2% used [0x00000006cac00000,0x00000006cb051278,0x00000006d5000000)
 Metaspace       used 20272K, capacity 21160K, committed 21296K, reserved 1067008K
  class space    used 2868K, capacity 3080K, committed 3200K, reserved 1048576K
}
Event: 1.107 GC heap before
{Heap before GC invocations=2 (full 1):
 PSYoungGen      total 73728K, used 10238K [0x000000076e400000, 0x0000000777400000, 0x00000007c0000000)
  eden space 63488K, 0% used [0x000000076e400000,0x000000076e400000,0x0000000772200000)
  from space 10240K, 99% used [0x0000000772200000,0x0000000772bffa68,0x0000000772c00000)
  to   space 10240K, 0% used [0x0000000776a00000,0x0000000776a00000,0x0000000777400000)
 ParOldGen       total 167936K, used 4420K [0x00000006cac00000, 0x00000006d5000000, 0x000000076e400000)
  object space 167936K, 2% used [0x00000006cac00000,0x00000006cb051278,0x00000006d5000000)
 Metaspace       used 20272K, capacity 21160K, committed 21296K, reserved 1067008K
  class space    used 2868K, capacity 3080K, committed 3200K, reserved 1048576K
Event: 1.144 GC heap after
Heap after GC invocations=2 (full 1):
 PSYoungGen      total 73728K, used 0K [0x000000076e400000, 0x0000000777400000, 0x00000007c0000000)
  eden space 63488K, 0% used [0x000000076e400000,0x000000076e400000,0x0000000772200000)
  from space 10240K, 0% used [0x0000000772200000,0x0000000772200000,0x0000000772c00000)
  to   space 10240K, 0% used [0x0000000776a00000,0x0000000776a00000,0x0000000777400000)
 ParOldGen       total 129536K, used 14507K [0x00000006cac00000, 0x00000006d2a80000, 0x000000076e400000)
  object space 129536K, 11% used [0x00000006cac00000,0x00000006cba2ae90,0x00000006d2a80000)
 Metaspace       used 20272K, capacity 21160K, committed 21296K, reserved 1067008K
  class space    used 2868K, capacity 3080K, committed 3200K, reserved 1048576K
}
Event: 16.404 GC heap before
{Heap before GC invocations=3 (full 1):
 PSYoungGen      total 73728K, used 63488K [0x000000076e400000, 0x0000000777400000, 0x00000007c0000000)
  eden space 63488K, 100% used [0x000000076e400000,0x0000000772200000,0x0000000772200000)
  from space 10240K, 0% used [0x0000000772200000,0x0000000772200000,0x0000000772c00000)
  to   space 10240K, 0% used [0x0000000776a00000,0x0000000776a00000,0x0000000777400000)
 ParOldGen       total 129536K, used 14507K [0x00000006cac00000, 0x00000006d2a80000, 0x000000076e400000)
  object space 129536K, 11% used [0x00000006cac00000,0x00000006cba2ae90,0x00000006d2a80000)
 Metaspace       used 22334K, capacity 23386K, committed 23552K, reserved 1069056K
  class space    used 3051K, capacity 3307K, committed 3328K, reserved 1048576K
Event: 16.427 GC heap after
Heap after GC invocations=3 (full 1):
 PSYoungGen      total 84480K, used 10211K [0x000000076e400000, 0x0000000777400000, 0x00000007c0000000)
  eden space 74240K, 0% used [0x000000076e400000,0x000000076e400000,0x0000000772c80000)
  from space 10240K, 99% used [0x0000000776a00000,0x00000007773f8da8,0x0000000777400000)
  to   space 10240K, 0% used [0x0000000776000000,0x0000000776000000,0x0000000776a00000)
 ParOldGen       total 129536K, used 44982K [0x00000006cac00000, 0x00000006d2a80000, 0x000000076e400000)
  object space 129536K, 34% used [0x00000006cac00000,0x00000006cd7eda38,0x00000006d2a80000)
 Metaspace       used 22334K, capacity 23386K, committed 23552K, reserved 1069056K
  class space    used 3051K, capacity 3307K, committed 3328K, reserved 1048576K
}

