# JRE version: Java(TM) SE Runtime Environment (8.0_201-b09) (build 1.8.0_201-b09)
# Java VM: Java HotSpot(TM) 64-Bit Server VM (25.201-b09 mixed mode linux-amd64 compressed oops)
Heap:
 PSYoungGen      total 73728K, used 21941K [0x000000076e400000, 0x0000000774080000, 0x00000007c0000000)
  eden space 63488K, 19% used [0x000000076e400000,0x000000076f028808,0x0000000772200000)
  from space 10240K, 92% used [0x0000000772c00000,0x0000000773544d68,0x0000000773600000)
  to   space 10240K, 0% used [0x0000000772200000,0x0000000772200000,0x0000000772c00000)
 ParOldGen       total 130560K, used 47765K [0x00000006cac00000, 0x00000006d2b80000, 0x000000076e400000)
  object space 130560K, 36% used [0x00000006cac00000,0x00000006cdaa55a0,0x00000006d2b80000)
 Metaspace       used 22584K, capacity 23658K, committed 23808K, reserved 1069056K
  class space    used 3076K, capacity 3321K, committed 3328K, reserved 1048576K
GC Heap History (6 events):
Event: 1.101 GC heap before
{Heap before GC invocations=1 (full 0):
 PSYoungGen      total 73728K, used 57601K [0x000000076e400000, 0x0000000773600000, 0x00000007c0000000)
  eden space 63488K, 90% used [0x000000076e400000,0x0000000771c40558,0x0000000772200000)
  from space 10240K, 0% used [0x0000000772c00000,0x0000000772c00000,0x0000000773600000)
  to   space 10240K, 0% used [0x0000000772200000,0x0000000772200000,0x0000000772c00000)
 ParOldGen       total 167936K, used 0K [0x00000006cac00000, 0x00000006d5000000, 0x000000076e400000)
  object space 167936K, 0% used [0x00000006cac00000,0x00000006cac00000,0x00000006d5000000)
 Metaspace       used 20409K, capacity 21184K, committed 21248K, reserved 1067008K
  class space    used 2882K, capacity 3048K, committed 3072K, reserved 1048576K
Event: 1.112 GC heap after
Heap after GC invocations=1 (full 0):
 PSYoungGen      total 73728K, used 10218K [0x000000076e400000, 0x0000000773600000, 0x00000007c0000000)
  eden space 63488K, 0% used [0x000000076e400000,0x000000076e400000,0x0000000772200000)
  from space 10240K, 99% used [0x0000000772200000,0x0000000772bfaa08,0x0000000772c00000)
  to   space 10240K, 0% used [0x0000000772c00000,0x0000000772c00000,0x0000000773600000)
 ParOldGen       total 167936K, used 4501K [0x00000006cac00000, 0x00000006d5000000, 0x000000076e400000)
  object space 167936K, 2% used [0x00000006cac00000,0x00000006cb065510,0x00000006d5000000)
 Metaspace       used 20409K, capacity 21184K, committed 21248K, reserved 1067008K
  class space    used 2882K, capacity 3048K, committed 3072K, reserved 1048576K
}
Event: 1.112 GC heap before
{Heap before GC invocations=2 (full 1):
 PSYoungGen      total 73728K, used 10218K [0x000000076e400000, 0x0000000773600000, 0x00000007c0000000)
  eden space 63488K, 0% used [0x000000076e400000,0x000000076e400000,0x0000000772200000)
  from space 10240K, 99% used [0x0000000772200000,0x0000000772bfaa08,0x0000000772c00000)
  to   space 10240K, 0% used [0x0000000772c00000,0x0000000772c00000,0x0000000773600000)
 ParOldGen       total 167936K, used 4501K [0x00000006cac00000, 0x00000006d5000000, 0x000000076e400000)
  object space 167936K, 2% used [0x00000006cac00000,0x00000006cb065510,0x00000006d5000000)
 Metaspace       used 20409K, capacity 21184K, committed 21248K, reserved 1067008K
  class space    used 2882K, capacity 3048K, committed 3072K, reserved 1048576K
Event: 1.146 GC heap after
Heap after GC invocations=2 (full 1):
 PSYoungGen      total 73728K, used 0K [0x000000076e400000, 0x0000000773600000, 0x00000007c0000000)
  eden space 63488K, 0% used [0x000000076e400000,0x000000076e400000,0x0000000772200000)
  from space 10240K, 0% used [0x0000000772200000,0x0000000772200000,0x0000000772c00000)
  to   space 10240K, 0% used [0x0000000772c00000,0x0000000772c00000,0x0000000773600000)
 ParOldGen       total 130560K, used 14553K [0x00000006cac00000, 0x00000006d2b80000, 0x000000076e400000)
  object space 130560K, 11% used [0x00000006cac00000,0x00000006cba36700,0x00000006d2b80000)
 Metaspace       used 20409K, capacity 21184K, committed 21248K, reserved 1067008K
  class space    used 2882K, capacity 3048K, committed 3072K, reserved 1048576K
}
Event: 10.432 GC heap before
{Heap before GC invocations=3 (full 1):
 PSYoungGen      total 73728K, used 62703K [0x000000076e400000, 0x0000000773600000, 0x00000007c0000000)
  eden space 63488K, 98% used [0x000000076e400000,0x000000077213bcd8,0x0000000772200000)
  from space 10240K, 0% used [0x0000000772200000,0x0000000772200000,0x0000000772c00000)
  to   space 10240K, 0% used [0x0000000772c00000,0x0000000772c00000,0x0000000773600000)
 ParOldGen       total 130560K, used 14553K [0x00000006cac00000, 0x00000006d2b80000, 0x000000076e400000)
  object space 130560K, 11% used [0x00000006cac00000,0x00000006cba36700,0x00000006d2b80000)
 Metaspace       used 22485K, capacity 23594K, committed 23808K, reserved 1069056K
  class space    used 3069K, capacity 3321K, committed 3328K, reserved 1048576K
Event: 10.449 GC heap after
Heap after GC invocations=3 (full 1):
 PSYoungGen      total 73728K, used 9491K [0x000000076e400000, 0x0000000774080000, 0x00000007c0000000)
  eden space 63488K, 0% used [0x000000076e400000,0x000000076e400000,0x0000000772200000)
  from space 10240K, 92% used [0x0000000772c00000,0x0000000773544d68,0x0000000773600000)
  to   space 10240K, 0% used [0x0000000772200000,0x0000000772200000,0x0000000772c00000)
 ParOldGen       total 130560K, used 47765K [0x00000006cac00000, 0x00000006d2b80000, 0x000000076e400000)
  object space 130560K, 36% used [0x00000006cac00000,0x00000006cdaa55a0,0x00000006d2b80000)
 Metaspace       used 22485K, capacity 23594K, committed 23808K, reserved 1069056K
  class space    used 3069K, capacity 3321K, committed 3328K, reserved 1048576K
}

