# JRE version: Java(TM) SE Runtime Environment (8.0_201-b09) (build 1.8.0_201-b09)
# Java VM: Java HotSpot(TM) 64-Bit Server VM (25.201-b09 mixed mode linux-amd64 compressed oops)
Heap:
 PSYoungGen      total 85504K, used 55356K [0x000000076e400000, 0x0000000777400000, 0x00000007c0000000)
  eden space 75264K, 59% used [0x000000076e400000,0x0000000771017118,0x0000000772d80000)
  from space 10240K, 99% used [0x0000000776a00000,0x00000007773f8050,0x0000000777400000)
  to   space 10240K, 0% used [0x0000000776000000,0x0000000776000000,0x0000000776a00000)
 ParOldGen       total 129024K, used 42088K [0x00000006cac00000, 0x00000006d2a00000, 0x000000076e400000)
  object space 129024K, 32% used [0x00000006cac00000,0x00000006cd51a218,0x00000006d2a00000)
 Metaspace       used 24112K, capacity 25342K, committed 25392K, reserved 1071104K
  class space    used 3347K, capacity 3597K, committed 3632K, reserved 1048576K
GC Heap History (6 events):
Event: 1.059 GC heap before
{Heap before GC invocations=1 (full 0):
 PSYoungGen      total 73728K, used 56367K [0x000000076e400000, 0x0000000773600000, 0x00000007c0000000)
  eden space 63488K, 88% used [0x000000076e400000,0x0000000771b0be80,0x0000000772200000)
  from space 10240K, 0% used [0x0000000772c00000,0x0000000772c00000,0x0000000773600000)
  to   space 10240K, 0% used [0x0000000772200000,0x0000000772200000,0x0000000772c00000)
 ParOldGen       total 167936K, used 0K [0x00000006cac00000, 0x00000006d5000000, 0x000000076e400000)
  object space 167936K, 0% used [0x00000006cac00000,0x00000006cac00000,0x00000006d5000000)
 Metaspace       used 20401K, capacity 21268K, committed 21296K, reserved 1067008K
  class space    used 2894K, capacity 3098K, committed 3120K, reserved 1048576K
Event: 1.073 GC heap after
Heap after GC invocations=1 (full 0):
 PSYoungGen      total 73728K, used 10234K [0x000000076e400000, 0x0000000777400000, 0x00000007c0000000)
  eden space 63488K, 0% used [0x000000076e400000,0x000000076e400000,0x0000000772200000)
  from space 10240K, 99% used [0x0000000772200000,0x0000000772bfe9f8,0x0000000772c00000)
  to   space 10240K, 0% used [0x0000000776a00000,0x0000000776a00000,0x0000000777400000)
 ParOldGen       total 167936K, used 4187K [0x00000006cac00000, 0x00000006d5000000, 0x000000076e400000)
  object space 167936K, 2% used [0x00000006cac00000,0x00000006cb016d78,0x00000006d5000000)
 Metaspace       used 20401K, capacity 21268K, committed 21296K, reserved 1067008K
  class space    used 2894K, capacity 3098K, committed 3120K, reserved 1048576K
}
Event: 1.073 GC heap before
{Heap before GC invocations=2 (full 1):
 PSYoungGen      total 73728K, used 10234K [0x000000076e400000, 0x0000000777400000, 0x00000007c0000000)
  eden space 63488K, 0% used [0x000000076e400000,0x000000076e400000,0x0000000772200000)
  from space 10240K, 99% used [0x0000000772200000,0x0000000772bfe9f8,0x0000000772c00000)
  to   space 10240K, 0% used [0x0000000776a00000,0x0000000776a00000,0x0000000777400000)
 ParOldGen       total 167936K, used 4187K [0x00000006cac00000, 0x00000006d5000000, 0x000000076e400000)
  object space 167936K, 2% used [0x00000006cac00000,0x00000006cb016d78,0x00000006d5000000)
 Metaspace       used 20401K, capacity 21268K, committed 21296K, reserved 1067008K
  class space    used 2894K, capacity 3098K, committed 3120K, reserved 1048576K
Event: 1.110 GC heap after
Heap after GC invocations=2 (full 1):
 PSYoungGen      total 73728K, used 0K [0x000000076e400000, 0x0000000777400000, 0x00000007c0000000)
  eden space 63488K, 0% used [0x000000076e400000,0x000000076e400000,0x0000000772200000)
  from space 10240K, 0% used [0x0000000772200000,0x0000000772200000,0x0000000772c00000)
  to   space 10240K, 0% used [0x0000000776a00000,0x0000000776a00000,0x0000000777400000)
 ParOldGen       total 129024K, used 14271K [0x00000006cac00000, 0x00000006d2a00000, 0x000000076e400000)
  object space 129024K, 11% used [0x00000006cac00000,0x00000006cb9efdb0,0x00000006d2a00000)
 Metaspace       used 20401K, capacity 21268K, committed 21296K, reserved 1067008K
  class space    used 2894K, capacity 3098K, committed 3120K, reserved 1048576K
}
Event: 8.321 GC heap before
{Heap before GC invocations=3 (full 1):
 PSYoungGen      total 73728K, used 62622K [0x000000076e400000, 0x0000000777400000, 0x00000007c0000000)
  eden space 63488K, 98% used [0x000000076e400000,0x0000000772127bf8,0x0000000772200000)
  from space 10240K, 0% used [0x0000000772200000,0x0000000772200000,0x0000000772c00000)
  to   space 10240K, 0% used [0x0000000776a00000,0x0000000776a00000,0x0000000777400000)
 ParOldGen       total 129024K, used 14271K [0x00000006cac00000, 0x00000006d2a00000, 0x000000076e400000)
  object space 129024K, 11% used [0x00000006cac00000,0x00000006cb9efdb0,0x00000006d2a00000)
 Metaspace       used 22648K, capacity 23736K, committed 23984K, reserved 1069056K
  class space    used 3147K, capacity 3402K, committed 3504K, reserved 1048576K
Event: 8.340 GC heap after
Heap after GC invocations=3 (full 1):
 PSYoungGen      total 85504K, used 10208K [0x000000076e400000, 0x0000000777400000, 0x00000007c0000000)
  eden space 75264K, 0% used [0x000000076e400000,0x000000076e400000,0x0000000772d80000)
  from space 10240K, 99% used [0x0000000776a00000,0x00000007773f8050,0x0000000777400000)
  to   space 10240K, 0% used [0x0000000776000000,0x0000000776000000,0x0000000776a00000)
 ParOldGen       total 129024K, used 42088K [0x00000006cac00000, 0x00000006d2a00000, 0x000000076e400000)
  object space 129024K, 32% used [0x00000006cac00000,0x00000006cd51a218,0x00000006d2a00000)
 Metaspace       used 22648K, capacity 23736K, committed 23984K, reserved 1069056K
  class space    used 3147K, capacity 3402K, committed 3504K, reserved 1048576K
}

