# JRE version: Java(TM) SE Runtime Environment (8.0_201-b09) (build 1.8.0_201-b09)
# Java VM: Java HotSpot(TM) 64-Bit Server VM (25.201-b09 mixed mode linux-amd64 compressed oops)
Heap:
 PSYoungGen      total 73728K, used 54061K [0x000000076e400000, 0x0000000777400000, 0x00000007c0000000)
  eden space 63488K, 85% used [0x000000076e400000,0x00000007718cb548,0x0000000772200000)
  from space 10240K, 0% used [0x0000000772200000,0x0000000772200000,0x0000000772c00000)
  to   space 10240K, 0% used [0x0000000776a00000,0x0000000776a00000,0x0000000777400000)
 ParOldGen       total 129536K, used 14244K [0x00000006cac00000, 0x00000006d2a80000, 0x000000076e400000)
  object space 129536K, 10% used [0x00000006cac00000,0x00000006cb9e9398,0x00000006d2a80000)
 Metaspace       used 24066K, capacity 25390K, committed 25648K, reserved 1071104K
  class space    used 3334K, capacity 3593K, committed 3632K, reserved 1048576K
GC Heap History (4 events):
Event: 1.051 GC heap before
{Heap before GC invocations=1 (full 0):
 PSYoungGen      total 73728K, used 53649K [0x000000076e400000, 0x0000000773600000, 0x00000007c0000000)
  eden space 63488K, 84% used [0x000000076e400000,0x00000007718644d0,0x0000000772200000)
  from space 10240K, 0% used [0x0000000772c00000,0x0000000772c00000,0x0000000773600000)
  to   space 10240K, 0% used [0x0000000772200000,0x0000000772200000,0x0000000772c00000)
 ParOldGen       total 167936K, used 0K [0x00000006cac00000, 0x00000006d5000000, 0x000000076e400000)
  object space 167936K, 0% used [0x00000006cac00000,0x00000006cac00000,0x00000006d5000000)
 Metaspace       used 20380K, capacity 21238K, committed 21296K, reserved 1067008K
  class space    used 2884K, capacity 3083K, committed 3120K, reserved 1048576K
Event: 1.063 GC heap after
Heap after GC invocations=1 (full 0):
 PSYoungGen      total 73728K, used 10220K [0x000000076e400000, 0x0000000777400000, 0x00000007c0000000)
  eden space 63488K, 0% used [0x000000076e400000,0x000000076e400000,0x0000000772200000)
  from space 10240K, 99% used [0x0000000772200000,0x0000000772bfb208,0x0000000772c00000)
  to   space 10240K, 0% used [0x0000000776a00000,0x0000000776a00000,0x0000000777400000)
 ParOldGen       total 167936K, used 4263K [0x00000006cac00000, 0x00000006d5000000, 0x000000076e400000)
  object space 167936K, 2% used [0x00000006cac00000,0x00000006cb029cf0,0x00000006d5000000)
 Metaspace       used 20380K, capacity 21238K, committed 21296K, reserved 1067008K
  class space    used 2884K, capacity 3083K, committed 3120K, reserved 1048576K
}
Event: 1.063 GC heap before
{Heap before GC invocations=2 (full 1):
 PSYoungGen      total 73728K, used 10220K [0x000000076e400000, 0x0000000777400000, 0x00000007c0000000)
  eden space 63488K, 0% used [0x000000076e400000,0x000000076e400000,0x0000000772200000)
  from space 10240K, 99% used [0x0000000772200000,0x0000000772bfb208,0x0000000772c00000)
  to   space 10240K, 0% used [0x0000000776a00000,0x0000000776a00000,0x0000000777400000)
 ParOldGen       total 167936K, used 4263K [0x00000006cac00000, 0x00000006d5000000, 0x000000076e400000)
  object space 167936K, 2% used [0x00000006cac00000,0x00000006cb029cf0,0x00000006d5000000)
 Metaspace       used 20380K, capacity 21238K, committed 21296K, reserved 1067008K
  class space    used 2884K, capacity 3083K, committed 3120K, reserved 1048576K
Event: 1.097 GC heap after
Heap after GC invocations=2 (full 1):
 PSYoungGen      total 73728K, used 0K [0x000000076e400000, 0x0000000777400000, 0x00000007c0000000)
  eden space 63488K, 0% used [0x000000076e400000,0x000000076e400000,0x0000000772200000)
  from space 10240K, 0% used [0x0000000772200000,0x0000000772200000,0x0000000772c00000)
  to   space 10240K, 0% used [0x0000000776a00000,0x0000000776a00000,0x0000000777400000)
 ParOldGen       total 129536K, used 14244K [0x00000006cac00000, 0x00000006d2a80000, 0x000000076e400000)
  object space 129536K, 10% used [0x00000006cac00000,0x00000006cb9e9398,0x00000006d2a80000)
 Metaspace       used 20380K, capacity 21238K, committed 21296K, reserved 1067008K
  class space    used 2884K, capacity 3083K, committed 3120K, reserved 1048576K
}

