# JRE version: Java(TM) SE Runtime Environment (8.0_201-b09) (build 1.8.0_201-b09)
# Java VM: Java HotSpot(TM) 64-Bit Server VM (25.201-b09 mixed mode linux-amd64 compressed oops)
Heap:
 PSYoungGen      total 83968K, used 56874K [0x000000076e400000, 0x0000000777400000, 0x00000007c0000000)
  eden space 73728K, 63% used [0x000000076e400000,0x000000077118fa20,0x0000000772c00000)
  from space 10240K, 99% used [0x0000000776a00000,0x00000007773fb170,0x0000000777400000)
  to   space 10240K, 0% used [0x0000000776000000,0x0000000776000000,0x0000000776a00000)
 ParOldGen       total 130560K, used 40166K [0x00000006cac00000, 0x00000006d2b80000, 0x000000076e400000)
  object space 130560K, 30% used [0x00000006cac00000,0x00000006cd339b90,0x00000006d2b80000)
 Metaspace       used 24148K, capacity 25455K, committed 25648K, reserved 1071104K
  class space    used 3353K, capacity 3630K, committed 3632K, reserved 1048576K
GC Heap History (6 events):
Event: 1.048 GC heap before
{Heap before GC invocations=1 (full 0):
 PSYoungGen      total 73728K, used 56375K [0x000000076e400000, 0x0000000773600000, 0x00000007c0000000)
  eden space 63488K, 88% used [0x000000076e400000,0x0000000771b0dc20,0x0000000772200000)
  from space 10240K, 0% used [0x0000000772c00000,0x0000000772c00000,0x0000000773600000)
  to   space 10240K, 0% used [0x0000000772200000,0x0000000772200000,0x0000000772c00000)
 ParOldGen       total 167936K, used 0K [0x00000006cac00000, 0x00000006d5000000, 0x000000076e400000)
  object space 167936K, 0% used [0x00000006cac00000,0x00000006cac00000,0x00000006d5000000)
 Metaspace       used 20334K, capacity 21269K, committed 21296K, reserved 1067008K
  class space    used 2886K, capacity 3093K, committed 3120K, reserved 1048576K
Event: 1.061 GC heap after
Heap after GC invocations=1 (full 0):
 PSYoungGen      total 73728K, used 10218K [0x000000076e400000, 0x0000000777400000, 0x00000007c0000000)
  eden space 63488K, 0% used [0x000000076e400000,0x000000076e400000,0x0000000772200000)
  from space 10240K, 99% used [0x0000000772200000,0x0000000772bfaa28,0x0000000772c00000)
  to   space 10240K, 0% used [0x0000000776a00000,0x0000000776a00000,0x0000000777400000)
 ParOldGen       total 167936K, used 4183K [0x00000006cac00000, 0x00000006d5000000, 0x000000076e400000)
  object space 167936K, 2% used [0x00000006cac00000,0x00000006cb015e78,0x00000006d5000000)
 Metaspace       used 20334K, capacity 21269K, committed 21296K, reserved 1067008K
  class space    used 2886K, capacity 3093K, committed 3120K, reserved 1048576K
}
Event: 1.061 GC heap before
{Heap before GC invocations=2 (full 1):
 PSYoungGen      total 73728K, used 10218K [0x000000076e400000, 0x0000000777400000, 0x00000007c0000000)
  eden space 63488K, 0% used [0x000000076e400000,0x000000076e400000,0x0000000772200000)
  from space 10240K, 99% used [0x0000000772200000,0x0000000772bfaa28,0x0000000772c00000)
  to   space 10240K, 0% used [0x0000000776a00000,0x0000000776a00000,0x0000000777400000)
 ParOldGen       total 167936K, used 4183K [0x00000006cac00000, 0x00000006d5000000, 0x000000076e400000)
  object space 167936K, 2% used [0x00000006cac00000,0x00000006cb015e78,0x00000006d5000000)
 Metaspace       used 20334K, capacity 21269K, committed 21296K, reserved 1067008K
  class space    used 2886K, capacity 3093K, committed 3120K, reserved 1048576K
Event: 1.103 GC heap after
Heap after GC invocations=2 (full 1):
 PSYoungGen      total 73728K, used 0K [0x000000076e400000, 0x0000000777400000, 0x00000007c0000000)
  eden space 63488K, 0% used [0x000000076e400000,0x000000076e400000,0x0000000772200000)
  from space 10240K, 0% used [0x0000000772200000,0x0000000772200000,0x0000000772c00000)
  to   space 10240K, 0% used [0x0000000776a00000,0x0000000776a00000,0x0000000777400000)
 ParOldGen       total 130560K, used 14258K [0x00000006cac00000, 0x00000006d2b80000, 0x000000076e400000)
  object space 130560K, 10% used [0x00000006cac00000,0x00000006cb9ecbb8,0x00000006d2b80000)
 Metaspace       used 20334K, capacity 21269K, committed 21296K, reserved 1067008K
  class space    used 2886K, capacity 3093K, committed 3120K, reserved 1048576K
}
Event: 12.269 GC heap before
{Heap before GC invocations=3 (full 1):
 PSYoungGen      total 73728K, used 63488K [0x000000076e400000, 0x0000000777400000, 0x00000007c0000000)
  eden space 63488K, 100% used [0x000000076e400000,0x0000000772200000,0x0000000772200000)
  from space 10240K, 0% used [0x0000000772200000,0x0000000772200000,0x0000000772c00000)
  to   space 10240K, 0% used [0x0000000776a00000,0x0000000776a00000,0x0000000777400000)
 ParOldGen       total 130560K, used 14258K [0x00000006cac00000, 0x00000006d2b80000, 0x000000076e400000)
  object space 130560K, 10% used [0x00000006cac00000,0x00000006cb9ecbb8,0x00000006d2b80000)
 Metaspace       used 22774K, capacity 23889K, committed 24240K, reserved 1071104K
  class space    used 3156K, capacity 3403K, committed 3504K, reserved 1048576K
Event: 12.284 GC heap after
Heap after GC invocations=3 (full 1):
 PSYoungGen      total 83968K, used 10220K [0x000000076e400000, 0x0000000777400000, 0x00000007c0000000)
  eden space 73728K, 0% used [0x000000076e400000,0x000000076e400000,0x0000000772c00000)
  from space 10240K, 99% used [0x0000000776a00000,0x00000007773fb170,0x0000000777400000)
  to   space 10240K, 0% used [0x0000000776000000,0x0000000776000000,0x0000000776a00000)
 ParOldGen       total 130560K, used 40166K [0x00000006cac00000, 0x00000006d2b80000, 0x000000076e400000)
  object space 130560K, 30% used [0x00000006cac00000,0x00000006cd339b90,0x00000006d2b80000)
 Metaspace       used 22774K, capacity 23889K, committed 24240K, reserved 1071104K
  class space    used 3156K, capacity 3403K, committed 3504K, reserved 1048576K
}

