# JRE version: Java(TM) SE Runtime Environment (8.0_131-b11) (build 1.8.0_131-b11)
# Java VM: Java HotSpot(TM) 64-Bit Server VM (25.131-b11 mixed mode linux-amd64 compressed oops)
Heap:
 PSYoungGen      total 93184K, used 39472K [0x000000076e500000, 0x0000000776d00000, 0x00000007c0000000)
  eden space 47616K, 69% used [0x000000076e500000,0x0000000770553ab8,0x0000000771380000)
  from space 45568K, 13% used [0x0000000771380000,0x00000007719b8760,0x0000000774000000)
  to   space 43008K, 0% used [0x0000000774300000,0x0000000774300000,0x0000000776d00000)
 ParOldGen       total 345600K, used 102276K [0x00000006cae00000, 0x00000006dff80000, 0x000000076e500000)
  object space 345600K, 29% used [0x00000006cae00000,0x00000006d11e11e0,0x00000006dff80000)
 Metaspace       used 28120K, capacity 29630K, committed 29824K, reserved 1075200K
  class space    used 3633K, capacity 3929K, committed 3968K, reserved 1048576K
GC Heap History (10 events):
Event: 6885.217 GC heap before
{Heap before GC invocations=45 (full 2):
 PSYoungGen      total 92160K, used 40928K [0x000000076e500000, 0x0000000777600000, 0x00000007c0000000)
  eden space 38912K, 100% used [0x000000076e500000,0x0000000770b00000,0x0000000770b00000)
  from space 53248K, 3% used [0x0000000774200000,0x00000007743f8060,0x0000000777600000)
  to   space 54784K, 0% used [0x0000000770b00000,0x0000000770b00000,0x0000000774080000)
 ParOldGen       total 345600K, used 102257K [0x00000006cae00000, 0x00000006dff80000, 0x000000076e500000)
  object space 345600K, 29% used [0x00000006cae00000,0x00000006d11dc720,0x00000006dff80000)
 Metaspace       used 27801K, capacity 29364K, committed 29568K, reserved 1075200K
  class space    used 3622K, capacity 3928K, committed 3968K, reserved 1048576K
Event: 6885.243 GC heap after
Heap after GC invocations=45 (full 2):
 PSYoungGen      total 45056K, used 6112K [0x000000076e500000, 0x0000000777180000, 0x00000007c0000000)
  eden space 38912K, 0% used [0x000000076e500000,0x000000076e500000,0x0000000770b00000)
  from space 6144K, 99% used [0x0000000770b00000,0x00000007710f8000,0x0000000771100000)
  to   space 52224K, 0% used [0x0000000773e80000,0x0000000773e80000,0x0000000777180000)
 ParOldGen       total 345600K, used 102265K [0x00000006cae00000, 0x00000006dff80000, 0x000000076e500000)
  object space 345600K, 29% used [0x00000006cae00000,0x00000006d11de720,0x00000006dff80000)
 Metaspace       used 27801K, capacity 29364K, committed 29568K, reserved 1075200K
  class space    used 3622K, capacity 3928K, committed 3968K, reserved 1048576K
}
Event: 6885.477 GC heap before
{Heap before GC invocations=46 (full 2):
 PSYoungGen      total 45056K, used 45024K [0x000000076e500000, 0x0000000777180000, 0x00000007c0000000)
  eden space 38912K, 100% used [0x000000076e500000,0x0000000770b00000,0x0000000770b00000)
  from space 6144K, 99% used [0x0000000770b00000,0x00000007710f8000,0x0000000771100000)
  to   space 52224K, 0% used [0x0000000773e80000,0x0000000773e80000,0x0000000777180000)
 ParOldGen       total 345600K, used 102268K [0x00000006cae00000, 0x00000006dff80000, 0x000000076e500000)
  object space 345600K, 29% used [0x00000006cae00000,0x00000006d11df1e0,0x00000006dff80000)
 Metaspace       used 27801K, capacity 29364K, committed 29568K, reserved 1075200K
  class space    used 3622K, capacity 3928K, committed 3968K, reserved 1048576K
Event: 6885.489 GC heap after
Heap after GC invocations=46 (full 2):
 PSYoungGen      total 92672K, used 4864K [0x000000076e500000, 0x0000000777000000, 0x00000007c0000000)
  eden space 41984K, 0% used [0x000000076e500000,0x000000076e500000,0x0000000770e00000)
  from space 50688K, 9% used [0x0000000773e80000,0x0000000774340000,0x0000000777000000)
  to   space 49664K, 0% used [0x0000000770e00000,0x0000000770e00000,0x0000000773e80000)
 ParOldGen       total 345600K, used 102268K [0x00000006cae00000, 0x00000006dff80000, 0x000000076e500000)
  object space 345600K, 29% used [0x00000006cae00000,0x00000006d11df1e0,0x00000006dff80000)
 Metaspace       used 27801K, capacity 29364K, committed 29568K, reserved 1075200K
  class space    used 3622K, capacity 3928K, committed 3968K, reserved 1048576K
}
Event: 6885.725 GC heap before
{Heap before GC invocations=47 (full 2):
 PSYoungGen      total 92672K, used 46848K [0x000000076e500000, 0x0000000777000000, 0x00000007c0000000)
  eden space 41984K, 100% used [0x000000076e500000,0x0000000770e00000,0x0000000770e00000)
  from space 50688K, 9% used [0x0000000773e80000,0x0000000774340000,0x0000000777000000)
  to   space 49664K, 0% used [0x0000000770e00000,0x0000000770e00000,0x0000000773e80000)
 ParOldGen       total 345600K, used 102268K [0x00000006cae00000, 0x00000006dff80000, 0x000000076e500000)
  object space 345600K, 29% used [0x00000006cae00000,0x00000006d11df1e0,0x00000006dff80000)
 Metaspace       used 27801K, capacity 29364K, committed 29568K, reserved 1075200K
  class space    used 3622K, capacity 3928K, committed 3968K, reserved 1048576K
Event: 6885.735 GC heap after
Heap after GC invocations=47 (full 2):
 PSYoungGen      total 91648K, used 3680K [0x000000076e500000, 0x0000000777080000, 0x00000007c0000000)
  eden space 41984K, 0% used [0x000000076e500000,0x000000076e500000,0x0000000770e00000)
  from space 49664K, 7% used [0x0000000770e00000,0x0000000771198000,0x0000000773e80000)
  to   space 47616K, 0% used [0x0000000774200000,0x0000000774200000,0x0000000777080000)
 ParOldGen       total 345600K, used 102268K [0x00000006cae00000, 0x00000006dff80000, 0x000000076e500000)
  object space 345600K, 29% used [0x00000006cae00000,0x00000006d11df1e0,0x00000006dff80000)
 Metaspace       used 27801K, capacity 29364K, committed 29568K, reserved 1075200K
  class space    used 3622K, capacity 3928K, committed 3968K, reserved 1048576K
}
Event: 6885.947 GC heap before
{Heap before GC invocations=48 (full 2):
 PSYoungGen      total 91648K, used 45664K [0x000000076e500000, 0x0000000777080000, 0x00000007c0000000)
  eden space 41984K, 100% used [0x000000076e500000,0x0000000770e00000,0x0000000770e00000)
  from space 49664K, 7% used [0x0000000770e00000,0x0000000771198000,0x0000000773e80000)
  to   space 47616K, 0% used [0x0000000774200000,0x0000000774200000,0x0000000777080000)
 ParOldGen       total 345600K, used 102268K [0x00000006cae00000, 0x00000006dff80000, 0x000000076e500000)
  object space 345600K, 29% used [0x00000006cae00000,0x00000006d11df1e0,0x00000006dff80000)
 Metaspace       used 27801K, capacity 29364K, committed 29568K, reserved 1075200K
  class space    used 3622K, capacity 3928K, committed 3968K, reserved 1048576K
Event: 6885.952 GC heap after
Heap after GC invocations=48 (full 2):
 PSYoungGen      total 91136K, used 2400K [0x000000076e500000, 0x0000000776c80000, 0x00000007c0000000)
  eden space 47616K, 0% used [0x000000076e500000,0x000000076e500000,0x0000000771380000)
  from space 43520K, 5% used [0x0000000774200000,0x0000000774458000,0x0000000776c80000)
  to   space 45568K, 0% used [0x0000000771380000,0x0000000771380000,0x0000000774000000)
 ParOldGen       total 345600K, used 102268K [0x00000006cae00000, 0x00000006dff80000, 0x000000076e500000)
  object space 345600K, 29% used [0x00000006cae00000,0x00000006d11df1e0,0x00000006dff80000)
 Metaspace       used 27801K, capacity 29364K, committed 29568K, reserved 1075200K
  class space    used 3622K, capacity 3928K, committed 3968K, reserved 1048576K
}
Event: 6906.294 GC heap before
{Heap before GC invocations=49 (full 2):
 PSYoungGen      total 91136K, used 50016K [0x000000076e500000, 0x0000000776c80000, 0x00000007c0000000)
  eden space 47616K, 100% used [0x000000076e500000,0x0000000771380000,0x0000000771380000)
  from space 43520K, 5% used [0x0000000774200000,0x0000000774458000,0x0000000776c80000)
  to   space 45568K, 0% used [0x0000000771380000,0x0000000771380000,0x0000000774000000)
 ParOldGen       total 345600K, used 102268K [0x00000006cae00000, 0x00000006dff80000, 0x000000076e500000)
  object space 345600K, 29% used [0x00000006cae00000,0x00000006d11df1e0,0x00000006dff80000)
 Metaspace       used 27854K, capacity 29368K, committed 29568K, reserved 1075200K
  class space    used 3622K, capacity 3928K, committed 3968K, reserved 1048576K
Event: 6906.302 GC heap after
Heap after GC invocations=49 (full 2):
 PSYoungGen      total 93184K, used 6369K [0x000000076e500000, 0x0000000776d00000, 0x00000007c0000000)
  eden space 47616K, 0% used [0x000000076e500000,0x000000076e500000,0x0000000771380000)
  from space 45568K, 13% used [0x0000000771380000,0x00000007719b8760,0x0000000774000000)
  to   space 43008K, 0% used [0x0000000774300000,0x0000000774300000,0x0000000776d00000)
 ParOldGen       total 345600K, used 102276K [0x00000006cae00000, 0x00000006dff80000, 0x000000076e500000)
  object space 345600K, 29% used [0x00000006cae00000,0x00000006d11e11e0,0x00000006dff80000)
 Metaspace       used 27854K, capacity 29368K, committed 29568K, reserved 1075200K
  class space    used 3622K, capacity 3928K, committed 3968K, reserved 1048576K
}

