# JRE version: Java(TM) SE Runtime Environment (8.0_131-b11) (build 1.8.0_131-b11)
# Java VM: Java HotSpot(TM) 64-Bit Server VM (25.131-b11 mixed mode linux-amd64 compressed oops)
Heap:
 PSYoungGen      total 83456K, used 43567K [0x000000076e700000, 0x0000000775400000, 0x00000007c0000000)
  eden space 57856K, 55% used [0x000000076e700000,0x0000000770676908,0x0000000771f80000)
  from space 25600K, 44% used [0x0000000773980000,0x0000000774495650,0x0000000775280000)
  to   space 26624K, 0% used [0x0000000771f80000,0x0000000771f80000,0x0000000773980000)
 ParOldGen       total 344576K, used 268685K [0x00000006cb400000, 0x00000006e0480000, 0x000000076e700000)
  object space 344576K, 77% used [0x00000006cb400000,0x00000006dba63710,0x00000006e0480000)
 Metaspace       used 29542K, capacity 31484K, committed 31616K, reserved 1077248K
  class space    used 3790K, capacity 4142K, committed 4224K, reserved 1048576K
GC Heap History (10 events):
Event: 15575.035 GC heap before
{Heap before GC invocations=146 (full 2):
 PSYoungGen      total 64512K, used 64414K [0x000000076e700000, 0x0000000774200000, 0x00000007c0000000)
  eden space 46080K, 100% used [0x000000076e700000,0x0000000771400000,0x0000000771400000)
  from space 18432K, 99% used [0x0000000771400000,0x00000007725e7950,0x0000000772600000)
  to   space 23552K, 0% used [0x0000000772b00000,0x0000000772b00000,0x0000000774200000)
 ParOldGen       total 344576K, used 267301K [0x00000006cb400000, 0x00000006e0480000, 0x000000076e700000)
  object space 344576K, 77% used [0x00000006cb400000,0x00000006db909710,0x00000006e0480000)
 Metaspace       used 29499K, capacity 31420K, committed 31616K, reserved 1077248K
  class space    used 3790K, capacity 4142K, committed 4224K, reserved 1048576K
Event: 15575.046 GC heap after
Heap after GC invocations=146 (full 2):
 PSYoungGen      total 69632K, used 17942K [0x000000076e700000, 0x0000000774200000, 0x00000007c0000000)
  eden space 46080K, 0% used [0x000000076e700000,0x000000076e700000,0x0000000771400000)
  from space 23552K, 76% used [0x0000000772b00000,0x0000000773c85a58,0x0000000774200000)
  to   space 23552K, 0% used [0x0000000771400000,0x0000000771400000,0x0000000772b00000)
 ParOldGen       total 344576K, used 267477K [0x00000006cb400000, 0x00000006e0480000, 0x000000076e700000)
  object space 344576K, 77% used [0x00000006cb400000,0x00000006db935710,0x00000006e0480000)
 Metaspace       used 29499K, capacity 31420K, committed 31616K, reserved 1077248K
  class space    used 3790K, capacity 4142K, committed 4224K, reserved 1048576K
}
Event: 15575.187 GC heap before
{Heap before GC invocations=147 (full 2):
 PSYoungGen      total 69632K, used 64022K [0x000000076e700000, 0x0000000774200000, 0x00000007c0000000)
  eden space 46080K, 100% used [0x000000076e700000,0x0000000771400000,0x0000000771400000)
  from space 23552K, 76% used [0x0000000772b00000,0x0000000773c85a58,0x0000000774200000)
  to   space 23552K, 0% used [0x0000000771400000,0x0000000771400000,0x0000000772b00000)
 ParOldGen       total 344576K, used 267477K [0x00000006cb400000, 0x00000006e0480000, 0x000000076e700000)
  object space 344576K, 77% used [0x00000006cb400000,0x00000006db935710,0x00000006e0480000)
 Metaspace       used 29499K, capacity 31420K, committed 31616K, reserved 1077248K
  class space    used 3790K, capacity 4142K, committed 4224K, reserved 1048576K
Event: 15575.226 GC heap after
Heap after GC invocations=147 (full 2):
 PSYoungGen      total 69632K, used 21104K [0x000000076e700000, 0x0000000774980000, 0x00000007c0000000)
  eden space 46080K, 0% used [0x000000076e700000,0x000000076e700000,0x0000000771400000)
  from space 23552K, 89% used [0x0000000771400000,0x000000077289c120,0x0000000772b00000)
  to   space 24064K, 0% used [0x0000000773200000,0x0000000773200000,0x0000000774980000)
 ParOldGen       total 344576K, used 267589K [0x00000006cb400000, 0x00000006e0480000, 0x000000076e700000)
  object space 344576K, 77% used [0x00000006cb400000,0x00000006db951710,0x00000006e0480000)
 Metaspace       used 29499K, capacity 31420K, committed 31616K, reserved 1077248K
  class space    used 3790K, capacity 4142K, committed 4224K, reserved 1048576K
}
Event: 15575.574 GC heap before
{Heap before GC invocations=148 (full 2):
 PSYoungGen      total 69632K, used 67184K [0x000000076e700000, 0x0000000774980000, 0x00000007c0000000)
  eden space 46080K, 100% used [0x000000076e700000,0x0000000771400000,0x0000000771400000)
  from space 23552K, 89% used [0x0000000771400000,0x000000077289c120,0x0000000772b00000)
  to   space 24064K, 0% used [0x0000000773200000,0x0000000773200000,0x0000000774980000)
 ParOldGen       total 344576K, used 267589K [0x00000006cb400000, 0x00000006e0480000, 0x000000076e700000)
  object space 344576K, 77% used [0x00000006cb400000,0x00000006db951710,0x00000006e0480000)
 Metaspace       used 29499K, capacity 31420K, committed 31616K, reserved 1077248K
  class space    used 3790K, capacity 4142K, committed 4224K, reserved 1048576K
Event: 15575.622 GC heap after
Heap after GC invocations=148 (full 2):
 PSYoungGen      total 75264K, used 24048K [0x000000076e700000, 0x0000000774d00000, 0x00000007c0000000)
  eden space 51200K, 0% used [0x000000076e700000,0x000000076e700000,0x0000000771900000)
  from space 24064K, 99% used [0x0000000773200000,0x000000077497c120,0x0000000774980000)
  to   space 25600K, 0% used [0x0000000771900000,0x0000000771900000,0x0000000773200000)
 ParOldGen       total 344576K, used 268173K [0x00000006cb400000, 0x00000006e0480000, 0x000000076e700000)
  object space 344576K, 77% used [0x00000006cb400000,0x00000006db9e3710,0x00000006e0480000)
 Metaspace       used 29499K, capacity 31420K, committed 31616K, reserved 1077248K
  class space    used 3790K, capacity 4142K, committed 4224K, reserved 1048576K
}
Event: 15576.217 GC heap before
{Heap before GC invocations=149 (full 2):
 PSYoungGen      total 75264K, used 75248K [0x000000076e700000, 0x0000000774d00000, 0x00000007c0000000)
  eden space 51200K, 100% used [0x000000076e700000,0x0000000771900000,0x0000000771900000)
  from space 24064K, 99% used [0x0000000773200000,0x000000077497c120,0x0000000774980000)
  to   space 25600K, 0% used [0x0000000771900000,0x0000000771900000,0x0000000773200000)
 ParOldGen       total 344576K, used 268173K [0x00000006cb400000, 0x00000006e0480000, 0x000000076e700000)
  object space 344576K, 77% used [0x00000006cb400000,0x00000006db9e3710,0x00000006e0480000)
 Metaspace       used 29499K, capacity 31420K, committed 31616K, reserved 1077248K
  class space    used 3790K, capacity 4142K, committed 4224K, reserved 1048576K
Event: 15576.243 GC heap after
Heap after GC invocations=149 (full 2):
 PSYoungGen      total 76800K, used 21168K [0x000000076e700000, 0x0000000775280000, 0x00000007c0000000)
  eden space 51200K, 0% used [0x000000076e700000,0x000000076e700000,0x0000000771900000)
  from space 25600K, 82% used [0x0000000771900000,0x0000000772dac120,0x0000000773200000)
  to   space 25600K, 0% used [0x0000000773980000,0x0000000773980000,0x0000000775280000)
 ParOldGen       total 344576K, used 268437K [0x00000006cb400000, 0x00000006e0480000, 0x000000076e700000)
  object space 344576K, 77% used [0x00000006cb400000,0x00000006dba25710,0x00000006e0480000)
 Metaspace       used 29499K, capacity 31420K, committed 31616K, reserved 1077248K
  class space    used 3790K, capacity 4142K, committed 4224K, reserved 1048576K
}
Event: 15651.396 GC heap before
{Heap before GC invocations=150 (full 2):
 PSYoungGen      total 76800K, used 71640K [0x000000076e700000, 0x0000000775280000, 0x00000007c0000000)
  eden space 51200K, 98% used [0x000000076e700000,0x000000077184a0e8,0x0000000771900000)
  from space 25600K, 82% used [0x0000000771900000,0x0000000772dac120,0x0000000773200000)
  to   space 25600K, 0% used [0x0000000773980000,0x0000000773980000,0x0000000775280000)
 ParOldGen       total 344576K, used 268437K [0x00000006cb400000, 0x00000006e0480000, 0x000000076e700000)
  object space 344576K, 77% used [0x00000006cb400000,0x00000006dba25710,0x00000006e0480000)
 Metaspace       used 29499K, capacity 31420K, committed 31616K, reserved 1077248K
  class space    used 3790K, capacity 4142K, committed 4224K, reserved 1048576K
Event: 15651.403 GC heap after
Heap after GC invocations=150 (full 2):
 PSYoungGen      total 83456K, used 11349K [0x000000076e700000, 0x0000000775400000, 0x00000007c0000000)
  eden space 57856K, 0% used [0x000000076e700000,0x000000076e700000,0x0000000771f80000)
  from space 25600K, 44% used [0x0000000773980000,0x0000000774495650,0x0000000775280000)
  to   space 26624K, 0% used [0x0000000771f80000,0x0000000771f80000,0x0000000773980000)
 ParOldGen       total 344576K, used 268685K [0x00000006cb400000, 0x00000006e0480000, 0x000000076e700000)
  object space 344576K, 77% used [0x00000006cb400000,0x00000006dba63710,0x00000006e0480000)
 Metaspace       used 29499K, capacity 31420K, committed 31616K, reserved 1077248K
  class space    used 3790K, capacity 4142K, committed 4224K, reserved 1048576K
}

