# JRE version: Java(TM) SE Runtime Environment (8.0_131-b11) (build 1.8.0_131-b11)
# Java VM: Java HotSpot(TM) 64-Bit Server VM (25.131-b11 mixed mode linux-amd64 compressed oops)
Heap:
 PSYoungGen      total 136704K, used 35644K [0x000000076e700000, 0x000000077b900000, 0x00000007c0000000)
  eden space 104448K, 3% used [0x000000076e700000,0x000000076eac5e10,0x0000000774d00000)
  from space 32256K, 98% used [0x0000000774e80000,0x0000000776d89360,0x0000000776e00000)
  to   space 55296K, 0% used [0x0000000778300000,0x0000000778300000,0x000000077b900000)
 ParOldGen       total 325632K, used 122802K [0x00000006cb400000, 0x00000006df200000, 0x000000076e700000)
  object space 325632K, 37% used [0x00000006cb400000,0x00000006d2bec9f0,0x00000006df200000)
 Metaspace       used 28528K, capacity 30396K, committed 30464K, reserved 1075200K
  class space    used 3727K, capacity 4096K, committed 4096K, reserved 1048576K
GC Heap History (10 events):
Event: 505.455 GC heap before
{Heap before GC invocations=11 (full 2):
 PSYoungGen      total 145920K, used 144355K [0x000000076e700000, 0x000000077d000000, 0x00000007c0000000)
  eden space 114176K, 99% used [0x000000076e700000,0x00000007755669f0,0x0000000775680000)
  from space 31744K, 98% used [0x000000077b100000,0x000000077cf92410,0x000000077d000000)
  to   space 53248K, 0% used [0x0000000776800000,0x0000000776800000,0x0000000779c00000)
 ParOldGen       total 325632K, used 122773K [0x00000006cb400000, 0x00000006df200000, 0x000000076e700000)
  object space 325632K, 37% used [0x00000006cb400000,0x00000006d2be54a0,0x00000006df200000)
 Metaspace       used 28227K, capacity 30128K, committed 30208K, reserved 1075200K
  class space    used 3726K, capacity 4094K, committed 4096K, reserved 1048576K
Event: 505.472 GC heap after
Heap after GC invocations=11 (full 2):
 PSYoungGen      total 153088K, used 40755K [0x000000076e700000, 0x000000077bf80000, 0x00000007c0000000)
  eden space 112128K, 0% used [0x000000076e700000,0x000000076e700000,0x0000000775480000)
  from space 40960K, 99% used [0x0000000776800000,0x0000000778fccd00,0x0000000779000000)
  to   space 48640K, 0% used [0x0000000779000000,0x0000000779000000,0x000000077bf80000)
 ParOldGen       total 325632K, used 122773K [0x00000006cb400000, 0x00000006df200000, 0x000000076e700000)
  object space 325632K, 37% used [0x00000006cb400000,0x00000006d2be54a0,0x00000006df200000)
 Metaspace       used 28227K, capacity 30128K, committed 30208K, reserved 1075200K
  class space    used 3726K, capacity 4094K, committed 4096K, reserved 1048576K
}
Event: 689.513 GC heap before
{Heap before GC invocations=12 (full 2):
 PSYoungGen      total 153088K, used 152883K [0x000000076e700000, 0x000000077bf80000, 0x00000007c0000000)
  eden space 112128K, 100% used [0x000000076e700000,0x0000000775480000,0x0000000775480000)
  from space 40960K, 99% used [0x0000000776800000,0x0000000778fccd00,0x0000000779000000)
  to   space 48640K, 0% used [0x0000000779000000,0x0000000779000000,0x000000077bf80000)
 ParOldGen       total 325632K, used 122773K [0x00000006cb400000, 0x00000006df200000, 0x000000076e700000)
  object space 325632K, 37% used [0x00000006cb400000,0x00000006d2be54a0,0x00000006df200000)
 Metaspace       used 28274K, capacity 30140K, committed 30208K, reserved 1075200K
  class space    used 3727K, capacity 4096K, committed 4096K, reserved 1048576K
Event: 689.525 GC heap after
Heap after GC invocations=12 (full 2):
 PSYoungGen      total 156672K, used 37806K [0x000000076e700000, 0x000000077bd80000, 0x00000007c0000000)
  eden space 110080K, 0% used [0x000000076e700000,0x000000076e700000,0x0000000775280000)
  from space 46592K, 81% used [0x0000000779000000,0x000000077b4ebb68,0x000000077bd80000)
  to   space 54784K, 0% used [0x0000000775280000,0x0000000775280000,0x0000000778800000)
 ParOldGen       total 325632K, used 122773K [0x00000006cb400000, 0x00000006df200000, 0x000000076e700000)
  object space 325632K, 37% used [0x00000006cb400000,0x00000006d2be54a0,0x00000006df200000)
 Metaspace       used 28274K, capacity 30140K, committed 30208K, reserved 1075200K
  class space    used 3727K, capacity 4096K, committed 4096K, reserved 1048576K
}
Event: 855.435 GC heap before
{Heap before GC invocations=13 (full 2):
 PSYoungGen      total 156672K, used 147886K [0x000000076e700000, 0x000000077bd80000, 0x00000007c0000000)
  eden space 110080K, 100% used [0x000000076e700000,0x0000000775280000,0x0000000775280000)
  from space 46592K, 81% used [0x0000000779000000,0x000000077b4ebb68,0x000000077bd80000)
  to   space 54784K, 0% used [0x0000000775280000,0x0000000775280000,0x0000000778800000)
 ParOldGen       total 325632K, used 122773K [0x00000006cb400000, 0x00000006df200000, 0x000000076e700000)
  object space 325632K, 37% used [0x00000006cb400000,0x00000006d2be54a0,0x00000006df200000)
 Metaspace       used 28299K, capacity 30204K, committed 30208K, reserved 1075200K
  class space    used 3727K, capacity 4096K, committed 4096K, reserved 1048576K
Event: 855.448 GC heap after
Heap after GC invocations=13 (full 2):
 PSYoungGen      total 162816K, used 43171K [0x000000076e700000, 0x000000077bf80000, 0x00000007c0000000)
  eden space 108032K, 0% used [0x000000076e700000,0x000000076e700000,0x0000000775080000)
  from space 54784K, 78% used [0x0000000775280000,0x0000000777ca8f80,0x0000000778800000)
  to   space 56832K, 0% used [0x0000000778800000,0x0000000778800000,0x000000077bf80000)
 ParOldGen       total 325632K, used 122781K [0x00000006cb400000, 0x00000006df200000, 0x000000076e700000)
  object space 325632K, 37% used [0x00000006cb400000,0x00000006d2be74a0,0x00000006df200000)
 Metaspace       used 28299K, capacity 30204K, committed 30208K, reserved 1075200K
  class space    used 3727K, capacity 4096K, committed 4096K, reserved 1048576K
}
Event: 1020.511 GC heap before
{Heap before GC invocations=14 (full 2):
 PSYoungGen      total 162816K, used 151203K [0x000000076e700000, 0x000000077bf80000, 0x00000007c0000000)
  eden space 108032K, 100% used [0x000000076e700000,0x0000000775080000,0x0000000775080000)
  from space 54784K, 78% used [0x0000000775280000,0x0000000777ca8f80,0x0000000778800000)
  to   space 56832K, 0% used [0x0000000778800000,0x0000000778800000,0x000000077bf80000)
 ParOldGen       total 325632K, used 122781K [0x00000006cb400000, 0x00000006df200000, 0x000000076e700000)
  object space 325632K, 37% used [0x00000006cb400000,0x00000006d2be7628,0x00000006df200000)
 Metaspace       used 28406K, capacity 30332K, committed 30464K, reserved 1075200K
  class space    used 3727K, capacity 4096K, committed 4096K, reserved 1048576K
Event: 1020.524 GC heap after
Heap after GC invocations=14 (full 2):
 PSYoungGen      total 161792K, used 41315K [0x000000076e700000, 0x000000077be80000, 0x00000007c0000000)
  eden space 105984K, 0% used [0x000000076e700000,0x000000076e700000,0x0000000774e80000)
  from space 55808K, 74% used [0x0000000778800000,0x000000077b058d50,0x000000077be80000)
  to   space 57344K, 0% used [0x0000000774e80000,0x0000000774e80000,0x0000000778680000)
 ParOldGen       total 325632K, used 122789K [0x00000006cb400000, 0x00000006df200000, 0x000000076e700000)
  object space 325632K, 37% used [0x00000006cb400000,0x00000006d2be9628,0x00000006df200000)
 Metaspace       used 28406K, capacity 30332K, committed 30464K, reserved 1075200K
  class space    used 3727K, capacity 4096K, committed 4096K, reserved 1048576K
}
Event: 1109.579 GC heap before
{Heap before GC invocations=15 (full 2):
 PSYoungGen      total 161792K, used 147299K [0x000000076e700000, 0x000000077be80000, 0x00000007c0000000)
  eden space 105984K, 100% used [0x000000076e700000,0x0000000774e80000,0x0000000774e80000)
  from space 55808K, 74% used [0x0000000778800000,0x000000077b058d50,0x000000077be80000)
  to   space 57344K, 0% used [0x0000000774e80000,0x0000000774e80000,0x0000000778680000)
 ParOldGen       total 325632K, used 122794K [0x00000006cb400000, 0x00000006df200000, 0x000000076e700000)
  object space 325632K, 37% used [0x00000006cb400000,0x00000006d2bea9f0,0x00000006df200000)
 Metaspace       used 28465K, capacity 30396K, committed 30464K, reserved 1075200K
  class space    used 3727K, capacity 4096K, committed 4096K, reserved 1048576K
Event: 1109.587 GC heap after
Heap after GC invocations=15 (full 2):
 PSYoungGen      total 136704K, used 31780K [0x000000076e700000, 0x000000077b900000, 0x00000007c0000000)
  eden space 104448K, 0% used [0x000000076e700000,0x000000076e700000,0x0000000774d00000)
  from space 32256K, 98% used [0x0000000774e80000,0x0000000776d89360,0x0000000776e00000)
  to   space 55296K, 0% used [0x0000000778300000,0x0000000778300000,0x000000077b900000)
 ParOldGen       total 325632K, used 122802K [0x00000006cb400000, 0x00000006df200000, 0x000000076e700000)
  object space 325632K, 37% used [0x00000006cb400000,0x00000006d2bec9f0,0x00000006df200000)
 Metaspace       used 28465K, capacity 30396K, committed 30464K, reserved 1075200K
  class space    used 3727K, capacity 4096K, committed 4096K, reserved 1048576K
}

