# JRE version: Java(TM) SE Runtime Environment (8.0_131-b11) (build 1.8.0_131-b11)
# Java VM: Java HotSpot(TM) 64-Bit Server VM (25.131-b11 mixed mode linux-amd64 compressed oops)
Heap:
 PSYoungGen      total 453120K, used 432291K [0x000000076e500000, 0x000000078ff00000, 0x00000007c0000000)
  eden space 384000K, 100% used [0x000000076e500000,0x0000000785c00000,0x0000000785c00000)
  from space 69120K, 69% used [0x000000078bb80000,0x000000078eaa8c40,0x000000078ff00000)
  to   space 83456K, 32% used [0x0000000785c00000,0x00000007876382a0,0x000000078ad80000)
 ParOldGen       total 232448K, used 152038K [0x00000006cae00000, 0x00000006d9100000, 0x000000076e500000)
  object space 232448K, 65% used [0x00000006cae00000,0x00000006d4279aa8,0x00000006d9100000)
 Metaspace       used 30963K, capacity 32582K, committed 32688K, reserved 1077248K
  class space    used 3936K, capacity 4249K, committed 4272K, reserved 1048576K
GC Heap History (10 events):
Event: 35.947 GC heap after
Heap after GC invocations=8 (full 2):
 PSYoungGen      total 256512K, used 62105K [0x000000076e500000, 0x0000000784000000, 0x00000007c0000000)
  eden space 194048K, 0% used [0x000000076e500000,0x000000076e500000,0x000000077a280000)
  from space 62464K, 99% used [0x000000077ed80000,0x0000000782a26518,0x0000000782a80000)
  to   space 76800K, 0% used [0x000000077a280000,0x000000077a280000,0x000000077ed80000)
 ParOldGen       total 232448K, used 125350K [0x00000006cae00000, 0x00000006d9100000, 0x000000076e500000)
  object space 232448K, 53% used [0x00000006cae00000,0x00000006d2869b20,0x00000006d9100000)
 Metaspace       used 29849K, capacity 31416K, committed 31664K, reserved 1077248K
  class space    used 3916K, capacity 4226K, committed 4272K, reserved 1048576K
}
Event: 139.391 GC heap before
{Heap before GC invocations=9 (full 2):
 PSYoungGen      total 256512K, used 256153K [0x000000076e500000, 0x0000000784000000, 0x00000007c0000000)
  eden space 194048K, 100% used [0x000000076e500000,0x000000077a280000,0x000000077a280000)
  from space 62464K, 99% used [0x000000077ed80000,0x0000000782a26518,0x0000000782a80000)
  to   space 76800K, 0% used [0x000000077a280000,0x000000077a280000,0x000000077ed80000)
 ParOldGen       total 232448K, used 125350K [0x00000006cae00000, 0x00000006d9100000, 0x000000076e500000)
  object space 232448K, 53% used [0x00000006cae00000,0x00000006d2869b20,0x00000006d9100000)
 Metaspace       used 30328K, capacity 31904K, committed 32176K, reserved 1077248K
  class space    used 3925K, capacity 4232K, committed 4272K, reserved 1048576K
Event: 139.409 GC heap after
Heap after GC invocations=9 (full 2):
 PSYoungGen      total 270848K, used 46436K [0x000000076e500000, 0x000000078b300000, 0x00000007c0000000)
  eden space 194048K, 0% used [0x000000076e500000,0x000000076e500000,0x000000077a280000)
  from space 76800K, 60% used [0x000000077a280000,0x000000077cfd9150,0x000000077ed80000)
  to   space 77312K, 0% used [0x0000000786780000,0x0000000786780000,0x000000078b300000)
 ParOldGen       total 232448K, used 125358K [0x00000006cae00000, 0x00000006d9100000, 0x000000076e500000)
  object space 232448K, 53% used [0x00000006cae00000,0x00000006d286bb20,0x00000006d9100000)
 Metaspace       used 30328K, capacity 31904K, committed 32176K, reserved 1077248K
  class space    used 3925K, capacity 4232K, committed 4272K, reserved 1048576K
}
Event: 331.383 GC heap before
{Heap before GC invocations=10 (full 2):
 PSYoungGen      total 270848K, used 240484K [0x000000076e500000, 0x000000078b300000, 0x00000007c0000000)
  eden space 194048K, 100% used [0x000000076e500000,0x000000077a280000,0x000000077a280000)
  from space 76800K, 60% used [0x000000077a280000,0x000000077cfd9150,0x000000077ed80000)
  to   space 77312K, 0% used [0x0000000786780000,0x0000000786780000,0x000000078b300000)
 ParOldGen       total 232448K, used 125358K [0x00000006cae00000, 0x00000006d9100000, 0x000000076e500000)
  object space 232448K, 53% used [0x00000006cae00000,0x00000006d286bb20,0x00000006d9100000)
 Metaspace       used 30639K, capacity 32192K, committed 32432K, reserved 1077248K
  class space    used 3935K, capacity 4248K, committed 4272K, reserved 1048576K
Event: 331.408 GC heap after
Heap after GC invocations=10 (full 2):
 PSYoungGen      total 378368K, used 57387K [0x000000076e500000, 0x000000078af00000, 0x00000007c0000000)
  eden space 305152K, 0% used [0x000000076e500000,0x000000076e500000,0x0000000780f00000)
  from space 73216K, 78% used [0x0000000786780000,0x0000000789f8aeb8,0x000000078af00000)
  to   space 81920K, 0% used [0x0000000780f00000,0x0000000780f00000,0x0000000785f00000)
 ParOldGen       total 232448K, used 132138K [0x00000006cae00000, 0x00000006d9100000, 0x000000076e500000)
  object space 232448K, 56% used [0x00000006cae00000,0x00000006d2f0aa08,0x00000006d9100000)
 Metaspace       used 30639K, capacity 32192K, committed 32432K, reserved 1077248K
  class space    used 3935K, capacity 4248K, committed 4272K, reserved 1048576K
}
Event: 765.381 GC heap before
{Heap before GC invocations=11 (full 2):
 PSYoungGen      total 378368K, used 362539K [0x000000076e500000, 0x000000078af00000, 0x00000007c0000000)
  eden space 305152K, 100% used [0x000000076e500000,0x0000000780f00000,0x0000000780f00000)
  from space 73216K, 78% used [0x0000000786780000,0x0000000789f8aeb8,0x000000078af00000)
  to   space 81920K, 0% used [0x0000000780f00000,0x0000000780f00000,0x0000000785f00000)
 ParOldGen       total 232448K, used 132138K [0x00000006cae00000, 0x00000006d9100000, 0x000000076e500000)
  object space 232448K, 56% used [0x00000006cae00000,0x00000006d2f0aa08,0x00000006d9100000)
 Metaspace       used 30723K, capacity 32320K, committed 32432K, reserved 1077248K
  class space    used 3935K, capacity 4248K, committed 4272K, reserved 1048576K
Event: 765.401 GC heap after
Heap after GC invocations=11 (full 2):
 PSYoungGen      total 387072K, used 56450K [0x000000076e500000, 0x0000000790e80000, 0x00000007c0000000)
  eden space 305152K, 0% used [0x000000076e500000,0x000000076e500000,0x0000000780f00000)
  from space 81920K, 68% used [0x0000000780f00000,0x0000000784620bf0,0x0000000785f00000)
  to   space 84992K, 0% used [0x000000078bb80000,0x000000078bb80000,0x0000000790e80000)
 ParOldGen       total 232448K, used 143045K [0x00000006cae00000, 0x00000006d9100000, 0x000000076e500000)
  object space 232448K, 61% used [0x00000006cae00000,0x00000006d39b1438,0x00000006d9100000)
 Metaspace       used 30723K, capacity 32320K, committed 32432K, reserved 1077248K
  class space    used 3935K, capacity 4248K, committed 4272K, reserved 1048576K
}
Event: 1201.377 GC heap before
{Heap before GC invocations=12 (full 2):
 PSYoungGen      total 387072K, used 361602K [0x000000076e500000, 0x0000000790e80000, 0x00000007c0000000)
  eden space 305152K, 100% used [0x000000076e500000,0x0000000780f00000,0x0000000780f00000)
  from space 81920K, 68% used [0x0000000780f00000,0x0000000784620bf0,0x0000000785f00000)
  to   space 84992K, 0% used [0x000000078bb80000,0x000000078bb80000,0x0000000790e80000)
 ParOldGen       total 232448K, used 143045K [0x00000006cae00000, 0x00000006d9100000, 0x000000076e500000)
  object space 232448K, 61% used [0x00000006cae00000,0x00000006d39b1438,0x00000006d9100000)
 Metaspace       used 30862K, capacity 32448K, committed 32688K, reserved 1077248K
  class space    used 3935K, capacity 4248K, committed 4272K, reserved 1048576K
Event: 1201.401 GC heap after
Heap after GC invocations=12 (full 2):
 PSYoungGen      total 453120K, used 48291K [0x000000076e500000, 0x000000078ff00000, 0x00000007c0000000)
  eden space 384000K, 0% used [0x000000076e500000,0x000000076e500000,0x0000000785c00000)
  from space 69120K, 69% used [0x000000078bb80000,0x000000078eaa8c40,0x000000078ff00000)
  to   space 83456K, 0% used [0x0000000785c00000,0x0000000785c00000,0x000000078ad80000)
 ParOldGen       total 232448K, used 152030K [0x00000006cae00000, 0x00000006d9100000, 0x000000076e500000)
  object space 232448K, 65% used [0x00000006cae00000,0x00000006d4277aa8,0x00000006d9100000)
 Metaspace       used 30862K, capacity 32448K, committed 32688K, reserved 1077248K
  class space    used 3935K, capacity 4248K, committed 4272K, reserved 1048576K
}
Event: 1706.924 GC heap before
{Heap before GC invocations=13 (full 2):
 PSYoungGen      total 453120K, used 432291K [0x000000076e500000, 0x000000078ff00000, 0x00000007c0000000)
  eden space 384000K, 100% used [0x000000076e500000,0x0000000785c00000,0x0000000785c00000)
  from space 69120K, 69% used [0x000000078bb80000,0x000000078eaa8c40,0x000000078ff00000)
  to   space 83456K, 0% used [0x0000000785c00000,0x0000000785c00000,0x000000078ad80000)
 ParOldGen       total 232448K, used 152030K [0x00000006cae00000, 0x00000006d9100000, 0x000000076e500000)
  object space 232448K, 65% used [0x00000006cae00000,0x00000006d4277aa8,0x00000006d9100000)
 Metaspace       used 30963K, capacity 32582K, committed 32688K, reserved 1077248K
  class space    used 3936K, capacity 4249K, committed 4272K, reserved 1048576K

