# JRE version: Java(TM) SE Runtime Environment (8.0_201-b09) (build 1.8.0_201-b09)
# Java VM: Java HotSpot(TM) 64-Bit Server VM (25.201-b09 mixed mode linux-amd64 compressed oops)
Heap:
 PSYoungGen      total 73728K, used 15442K [0x000000076e400000, 0x0000000773f00000, 0x00000007c0000000)
  eden space 63488K, 9% used [0x000000076e400000,0x000000076e9c7a68,0x0000000772200000)
  from space 10240K, 93% used [0x0000000772c00000,0x000000077354cf40,0x0000000773600000)
  to   space 10240K, 0% used [0x0000000772200000,0x0000000772200000,0x0000000772c00000)
 ParOldGen       total 133120K, used 48754K [0x00000006cac00000, 0x00000006d2e00000, 0x000000076e400000)
  object space 133120K, 36% used [0x00000006cac00000,0x00000006cdb9ca58,0x00000006d2e00000)
 Metaspace       used 22405K, capacity 23442K, committed 23552K, reserved 1069056K
  class space    used 3067K, capacity 3317K, committed 3328K, reserved 1048576K
GC Heap History (6 events):
Event: 1.081 GC heap before
{Heap before GC invocations=1 (full 0):
 PSYoungGen      total 73728K, used 57604K [0x000000076e400000, 0x0000000773600000, 0x00000007c0000000)
  eden space 63488K, 90% used [0x000000076e400000,0x0000000771c413e8,0x0000000772200000)
  from space 10240K, 0% used [0x0000000772c00000,0x0000000772c00000,0x0000000773600000)
  to   space 10240K, 0% used [0x0000000772200000,0x0000000772200000,0x0000000772c00000)
 ParOldGen       total 167936K, used 0K [0x00000006cac00000, 0x00000006d5000000, 0x000000076e400000)
  object space 167936K, 0% used [0x00000006cac00000,0x00000006cac00000,0x00000006d5000000)
 Metaspace       used 20412K, capacity 21194K, committed 21248K, reserved 1067008K
  class space    used 2884K, capacity 3049K, committed 3072K, reserved 1048576K
Event: 1.092 GC heap after
Heap after GC invocations=1 (full 0):
 PSYoungGen      total 73728K, used 10218K [0x000000076e400000, 0x0000000773600000, 0x00000007c0000000)
  eden space 63488K, 0% used [0x000000076e400000,0x000000076e400000,0x0000000772200000)
  from space 10240K, 99% used [0x0000000772200000,0x0000000772bfaa18,0x0000000772c00000)
  to   space 10240K, 0% used [0x0000000772c00000,0x0000000772c00000,0x0000000773600000)
 ParOldGen       total 167936K, used 4520K [0x00000006cac00000, 0x00000006d5000000, 0x000000076e400000)
  object space 167936K, 2% used [0x00000006cac00000,0x00000006cb06a160,0x00000006d5000000)
 Metaspace       used 20412K, capacity 21194K, committed 21248K, reserved 1067008K
  class space    used 2884K, capacity 3049K, committed 3072K, reserved 1048576K
}
Event: 1.092 GC heap before
{Heap before GC invocations=2 (full 1):
 PSYoungGen      total 73728K, used 10218K [0x000000076e400000, 0x0000000773600000, 0x00000007c0000000)
  eden space 63488K, 0% used [0x000000076e400000,0x000000076e400000,0x0000000772200000)
  from space 10240K, 99% used [0x0000000772200000,0x0000000772bfaa18,0x0000000772c00000)
  to   space 10240K, 0% used [0x0000000772c00000,0x0000000772c00000,0x0000000773600000)
 ParOldGen       total 167936K, used 4520K [0x00000006cac00000, 0x00000006d5000000, 0x000000076e400000)
  object space 167936K, 2% used [0x00000006cac00000,0x00000006cb06a160,0x00000006d5000000)
 Metaspace       used 20412K, capacity 21194K, committed 21248K, reserved 1067008K
  class space    used 2884K, capacity 3049K, committed 3072K, reserved 1048576K
Event: 1.132 GC heap after
Heap after GC invocations=2 (full 1):
 PSYoungGen      total 73728K, used 0K [0x000000076e400000, 0x0000000773600000, 0x00000007c0000000)
  eden space 63488K, 0% used [0x000000076e400000,0x000000076e400000,0x0000000772200000)
  from space 10240K, 0% used [0x0000000772200000,0x0000000772200000,0x0000000772c00000)
  to   space 10240K, 0% used [0x0000000772c00000,0x0000000772c00000,0x0000000773600000)
 ParOldGen       total 133120K, used 14566K [0x00000006cac00000, 0x00000006d2e00000, 0x000000076e400000)
  object space 133120K, 10% used [0x00000006cac00000,0x00000006cba39968,0x00000006d2e00000)
 Metaspace       used 20412K, capacity 21194K, committed 21248K, reserved 1067008K
  class space    used 2884K, capacity 3049K, committed 3072K, reserved 1048576K
}
Event: 8.288 GC heap before
{Heap before GC invocations=3 (full 1):
 PSYoungGen      total 73728K, used 62266K [0x000000076e400000, 0x0000000773600000, 0x00000007c0000000)
  eden space 63488K, 98% used [0x000000076e400000,0x00000007720cea00,0x0000000772200000)
  from space 10240K, 0% used [0x0000000772200000,0x0000000772200000,0x0000000772c00000)
  to   space 10240K, 0% used [0x0000000772c00000,0x0000000772c00000,0x0000000773600000)
 ParOldGen       total 133120K, used 14566K [0x00000006cac00000, 0x00000006d2e00000, 0x000000076e400000)
  object space 133120K, 10% used [0x00000006cac00000,0x00000006cba39968,0x00000006d2e00000)
 Metaspace       used 22324K, capacity 23378K, committed 23552K, reserved 1069056K
  class space    used 3064K, capacity 3317K, committed 3328K, reserved 1048576K
Event: 8.304 GC heap after
Heap after GC invocations=3 (full 1):
 PSYoungGen      total 73728K, used 9523K [0x000000076e400000, 0x0000000773f00000, 0x00000007c0000000)
  eden space 63488K, 0% used [0x000000076e400000,0x000000076e400000,0x0000000772200000)
  from space 10240K, 93% used [0x0000000772c00000,0x000000077354cf40,0x0000000773600000)
  to   space 10240K, 0% used [0x0000000772200000,0x0000000772200000,0x0000000772c00000)
 ParOldGen       total 133120K, used 48754K [0x00000006cac00000, 0x00000006d2e00000, 0x000000076e400000)
  object space 133120K, 36% used [0x00000006cac00000,0x00000006cdb9ca58,0x00000006d2e00000)
 Metaspace       used 22324K, capacity 23378K, committed 23552K, reserved 1069056K
  class space    used 3064K, capacity 3317K, committed 3328K, reserved 1048576K
}

