# JRE version: Java(TM) SE Runtime Environment (8.0_201-b09) (build 1.8.0_201-b09)
# Java VM: Java HotSpot(TM) 64-Bit Server VM (25.201-b09 mixed mode linux-amd64 compressed oops)
Heap:
 PSYoungGen      total 86528K, used 39452K [0x000000076e400000, 0x0000000777400000, 0x00000007c0000000)
  eden space 76288K, 38% used [0x000000076e400000,0x0000000770089890,0x0000000772e80000)
  from space 10240K, 99% used [0x0000000776a00000,0x00000007773fdac8,0x0000000777400000)
  to   space 10240K, 0% used [0x0000000776000000,0x0000000776000000,0x0000000776a00000)
 ParOldGen       total 126464K, used 30244K [0x00000006cac00000, 0x00000006d2780000, 0x000000076e400000)
  object space 126464K, 23% used [0x00000006cac00000,0x00000006cc9893f0,0x00000006d2780000)
 Metaspace       used 23084K, capacity 24188K, committed 24448K, reserved 1071104K
  class space    used 3097K, capacity 3346K, committed 3456K, reserved 1048576K
GC Heap History (6 events):
Event: 1.112 GC heap before
{Heap before GC invocations=1 (full 0):
 PSYoungGen      total 73728K, used 58929K [0x000000076e400000, 0x0000000773600000, 0x00000007c0000000)
  eden space 63488K, 92% used [0x000000076e400000,0x0000000771d8c480,0x0000000772200000)
  from space 10240K, 0% used [0x0000000772c00000,0x0000000772c00000,0x0000000773600000)
  to   space 10240K, 0% used [0x0000000772200000,0x0000000772200000,0x0000000772c00000)
 ParOldGen       total 167936K, used 0K [0x00000006cac00000, 0x00000006d5000000, 0x000000076e400000)
  object space 167936K, 0% used [0x00000006cac00000,0x00000006cac00000,0x00000006d5000000)
 Metaspace       used 20282K, capacity 21152K, committed 21296K, reserved 1067008K
  class space    used 2873K, capacity 3080K, committed 3200K, reserved 1048576K
Event: 1.126 GC heap after
Heap after GC invocations=1 (full 0):
 PSYoungGen      total 73728K, used 10218K [0x000000076e400000, 0x0000000777400000, 0x00000007c0000000)
  eden space 63488K, 0% used [0x000000076e400000,0x000000076e400000,0x0000000772200000)
  from space 10240K, 99% used [0x0000000772200000,0x0000000772bfaa08,0x0000000772c00000)
  to   space 10240K, 0% used [0x0000000776a00000,0x0000000776a00000,0x0000000777400000)
 ParOldGen       total 167936K, used 4486K [0x00000006cac00000, 0x00000006d5000000, 0x000000076e400000)
  object space 167936K, 2% used [0x00000006cac00000,0x00000006cb061be0,0x00000006d5000000)
 Metaspace       used 20282K, capacity 21152K, committed 21296K, reserved 1067008K
  class space    used 2873K, capacity 3080K, committed 3200K, reserved 1048576K
}
Event: 1.126 GC heap before
{Heap before GC invocations=2 (full 1):
 PSYoungGen      total 73728K, used 10218K [0x000000076e400000, 0x0000000777400000, 0x00000007c0000000)
  eden space 63488K, 0% used [0x000000076e400000,0x000000076e400000,0x0000000772200000)
  from space 10240K, 99% used [0x0000000772200000,0x0000000772bfaa08,0x0000000772c00000)
  to   space 10240K, 0% used [0x0000000776a00000,0x0000000776a00000,0x0000000777400000)
 ParOldGen       total 167936K, used 4486K [0x00000006cac00000, 0x00000006d5000000, 0x000000076e400000)
  object space 167936K, 2% used [0x00000006cac00000,0x00000006cb061be0,0x00000006d5000000)
 Metaspace       used 20282K, capacity 21152K, committed 21296K, reserved 1067008K
  class space    used 2873K, capacity 3080K, committed 3200K, reserved 1048576K
Event: 1.152 GC heap after
Heap after GC invocations=2 (full 1):
 PSYoungGen      total 73728K, used 0K [0x000000076e400000, 0x0000000777400000, 0x00000007c0000000)
  eden space 63488K, 0% used [0x000000076e400000,0x000000076e400000,0x0000000772200000)
  from space 10240K, 0% used [0x0000000772200000,0x0000000772200000,0x0000000772c00000)
  to   space 10240K, 0% used [0x0000000776a00000,0x0000000776a00000,0x0000000777400000)
 ParOldGen       total 126464K, used 14531K [0x00000006cac00000, 0x00000006d2780000, 0x000000076e400000)
  object space 126464K, 11% used [0x00000006cac00000,0x00000006cba30c58,0x00000006d2780000)
 Metaspace       used 20282K, capacity 21152K, committed 21296K, reserved 1067008K
  class space    used 2873K, capacity 3080K, committed 3200K, reserved 1048576K
}
Event: 25.520 GC heap before
{Heap before GC invocations=3 (full 1):
 PSYoungGen      total 73728K, used 63488K [0x000000076e400000, 0x0000000777400000, 0x00000007c0000000)
  eden space 63488K, 100% used [0x000000076e400000,0x0000000772200000,0x0000000772200000)
  from space 10240K, 0% used [0x0000000772200000,0x0000000772200000,0x0000000772c00000)
  to   space 10240K, 0% used [0x0000000776a00000,0x0000000776a00000,0x0000000777400000)
 ParOldGen       total 126464K, used 14531K [0x00000006cac00000, 0x00000006d2780000, 0x000000076e400000)
  object space 126464K, 11% used [0x00000006cac00000,0x00000006cba30c58,0x00000006d2780000)
 Metaspace       used 22943K, capacity 24042K, committed 24192K, reserved 1071104K
  class space    used 3088K, capacity 3343K, committed 3456K, reserved 1048576K
Event: 25.531 GC heap after
Heap after GC invocations=3 (full 1):
 PSYoungGen      total 86528K, used 10230K [0x000000076e400000, 0x0000000777400000, 0x00000007c0000000)
  eden space 76288K, 0% used [0x000000076e400000,0x000000076e400000,0x0000000772e80000)
  from space 10240K, 99% used [0x0000000776a00000,0x00000007773fdac8,0x0000000777400000)
  to   space 10240K, 0% used [0x0000000776000000,0x0000000776000000,0x0000000776a00000)
 ParOldGen       total 126464K, used 30244K [0x00000006cac00000, 0x00000006d2780000, 0x000000076e400000)
  object space 126464K, 23% used [0x00000006cac00000,0x00000006cc9893f0,0x00000006d2780000)
 Metaspace       used 22943K, capacity 24042K, committed 24192K, reserved 1071104K
  class space    used 3088K, capacity 3343K, committed 3456K, reserved 1048576K
}

