# JRE version: Java(TM) SE Runtime Environment (8.0_131-b11) (build 1.8.0_131-b11)
# Java VM: Java HotSpot(TM) 64-Bit Server VM (25.131-b11 mixed mode linux-amd64 compressed oops)
Heap:
 PSYoungGen      total 539648K, used 412851K [0x000000076e500000, 0x0000000799a80000, 0x00000007c0000000)
  eden space 374272K, 72% used [0x000000076e500000,0x000000077ef8fc18,0x0000000785280000)
  from space 165376K, 84% used [0x000000078f900000,0x000000079819d2e0,0x0000000799a80000)
  to   space 167936K, 0% used [0x0000000785280000,0x0000000785280000,0x000000078f680000)
 ParOldGen       total 1503744K, used 1052051K [0x00000006cae00000, 0x0000000726a80000, 0x000000076e500000)
  object space 1503744K, 69% used [0x00000006cae00000,0x000000070b164eb8,0x0000000726a80000)
 Metaspace       used 29734K, capacity 31334K, committed 31744K, reserved 1077248K
  class space    used 3695K, capacity 4011K, committed 4096K, reserved 1048576K
GC Heap History (10 events):
Event: 18834.753 GC heap before
{Heap before GC invocations=196 (full 6):
 PSYoungGen      total 501248K, used 500986K [0x000000076e500000, 0x0000000799c00000, 0x00000007c0000000)
  eden space 373248K, 100% used [0x000000076e500000,0x0000000785180000,0x0000000785180000)
  from space 128000K, 99% used [0x0000000785180000,0x000000078ce3e920,0x000000078ce80000)
  to   space 168960K, 0% used [0x000000078f700000,0x000000078f700000,0x0000000799c00000)
 ParOldGen       total 1503744K, used 1043234K [0x00000006cae00000, 0x0000000726a80000, 0x000000076e500000)
  object space 1503744K, 69% used [0x00000006cae00000,0x000000070a8c8848,0x0000000726a80000)
 Metaspace       used 29718K, capacity 31334K, committed 31744K, reserved 1077248K
  class space    used 3695K, capacity 4011K, committed 4096K, reserved 1048576K
Event: 18834.782 GC heap after
Heap after GC invocations=196 (full 6):
 PSYoungGen      total 537600K, used 134385K [0x000000076e500000, 0x0000000799700000, 0x00000007c0000000)
  eden space 373760K, 0% used [0x000000076e500000,0x000000076e500000,0x0000000785200000)
  from space 163840K, 82% used [0x000000078f700000,0x0000000797a3c7a8,0x0000000799700000)
  to   space 166400K, 0% used [0x0000000785200000,0x0000000785200000,0x000000078f480000)
 ParOldGen       total 1503744K, used 1049915K [0x00000006cae00000, 0x0000000726a80000, 0x000000076e500000)
  object space 1503744K, 69% used [0x00000006cae00000,0x000000070af4ee98,0x0000000726a80000)
 Metaspace       used 29718K, capacity 31334K, committed 31744K, reserved 1077248K
  class space    used 3695K, capacity 4011K, committed 4096K, reserved 1048576K
}
Event: 19202.860 GC heap before
{Heap before GC invocations=197 (full 6):
 PSYoungGen      total 537600K, used 508145K [0x000000076e500000, 0x0000000799700000, 0x00000007c0000000)
  eden space 373760K, 100% used [0x000000076e500000,0x0000000785200000,0x0000000785200000)
  from space 163840K, 82% used [0x000000078f700000,0x0000000797a3c7a8,0x0000000799700000)
  to   space 166400K, 0% used [0x0000000785200000,0x0000000785200000,0x000000078f480000)
 ParOldGen       total 1503744K, used 1049915K [0x00000006cae00000, 0x0000000726a80000, 0x000000076e500000)
  object space 1503744K, 69% used [0x00000006cae00000,0x000000070af4ee98,0x0000000726a80000)
 Metaspace       used 29719K, capacity 31334K, committed 31744K, reserved 1077248K
  class space    used 3695K, capacity 4011K, committed 4096K, reserved 1048576K
Event: 19202.890 GC heap after
Heap after GC invocations=197 (full 6):
 PSYoungGen      total 540160K, used 152508K [0x000000076e500000, 0x0000000799c80000, 0x00000007c0000000)
  eden space 373760K, 0% used [0x000000076e500000,0x000000076e500000,0x0000000785200000)
  from space 166400K, 91% used [0x0000000785200000,0x000000078e6ef040,0x000000078f480000)
  to   space 168960K, 0% used [0x000000078f780000,0x000000078f780000,0x0000000799c80000)
 ParOldGen       total 1503744K, used 1049923K [0x00000006cae00000, 0x0000000726a80000, 0x000000076e500000)
  object space 1503744K, 69% used [0x00000006cae00000,0x000000070af50e98,0x0000000726a80000)
 Metaspace       used 29719K, capacity 31334K, committed 31744K, reserved 1077248K
  class space    used 3695K, capacity 4011K, committed 4096K, reserved 1048576K
}
Event: 19624.773 GC heap before
{Heap before GC invocations=198 (full 6):
 PSYoungGen      total 540160K, used 526268K [0x000000076e500000, 0x0000000799c80000, 0x00000007c0000000)
  eden space 373760K, 100% used [0x000000076e500000,0x0000000785200000,0x0000000785200000)
  from space 166400K, 91% used [0x0000000785200000,0x000000078e6ef040,0x000000078f480000)
  to   space 168960K, 0% used [0x000000078f780000,0x000000078f780000,0x0000000799c80000)
 ParOldGen       total 1503744K, used 1049923K [0x00000006cae00000, 0x0000000726a80000, 0x000000076e500000)
  object space 1503744K, 69% used [0x00000006cae00000,0x000000070af50e98,0x0000000726a80000)
 Metaspace       used 29721K, capacity 31334K, committed 31744K, reserved 1077248K
  class space    used 3695K, capacity 4011K, committed 4096K, reserved 1048576K
Event: 19624.810 GC heap after
Heap after GC invocations=198 (full 6):
 PSYoungGen      total 542720K, used 149002K [0x000000076e500000, 0x0000000799d80000, 0x00000007c0000000)
  eden space 373760K, 0% used [0x000000076e500000,0x000000076e500000,0x0000000785200000)
  from space 168960K, 88% used [0x000000078f780000,0x0000000798902970,0x0000000799c80000)
  to   space 169472K, 0% used [0x0000000785200000,0x0000000785200000,0x000000078f780000)
 ParOldGen       total 1503744K, used 1049923K [0x00000006cae00000, 0x0000000726a80000, 0x000000076e500000)
  object space 1503744K, 69% used [0x00000006cae00000,0x000000070af50e98,0x0000000726a80000)
 Metaspace       used 29721K, capacity 31334K, committed 31744K, reserved 1077248K
  class space    used 3695K, capacity 4011K, committed 4096K, reserved 1048576K
}
Event: 20081.509 GC heap before
{Heap before GC invocations=199 (full 6):
 PSYoungGen      total 542720K, used 522762K [0x000000076e500000, 0x0000000799d80000, 0x00000007c0000000)
  eden space 373760K, 100% used [0x000000076e500000,0x0000000785200000,0x0000000785200000)
  from space 168960K, 88% used [0x000000078f780000,0x0000000798902970,0x0000000799c80000)
  to   space 169472K, 0% used [0x0000000785200000,0x0000000785200000,0x000000078f780000)
 ParOldGen       total 1503744K, used 1049923K [0x00000006cae00000, 0x0000000726a80000, 0x000000076e500000)
  object space 1503744K, 69% used [0x00000006cae00000,0x000000070af50e98,0x0000000726a80000)
 Metaspace       used 29722K, capacity 31334K, committed 31744K, reserved 1077248K
  class space    used 3695K, capacity 4011K, committed 4096K, reserved 1048576K
Event: 20081.541 GC heap after
Heap after GC invocations=199 (full 6):
 PSYoungGen      total 543232K, used 150643K [0x000000076e500000, 0x0000000799f80000, 0x00000007c0000000)
  eden space 373760K, 0% used [0x000000076e500000,0x000000076e500000,0x0000000785200000)
  from space 169472K, 88% used [0x0000000785200000,0x000000078e51cd18,0x000000078f780000)
  to   space 170496K, 0% used [0x000000078f900000,0x000000078f900000,0x0000000799f80000)
 ParOldGen       total 1503744K, used 1049947K [0x00000006cae00000, 0x0000000726a80000, 0x000000076e500000)
  object space 1503744K, 69% used [0x00000006cae00000,0x000000070af56e98,0x0000000726a80000)
 Metaspace       used 29722K, capacity 31334K, committed 31744K, reserved 1077248K
  class space    used 3695K, capacity 4011K, committed 4096K, reserved 1048576K
}
Event: 20520.776 GC heap before
{Heap before GC invocations=200 (full 6):
 PSYoungGen      total 543232K, used 524403K [0x000000076e500000, 0x0000000799f80000, 0x00000007c0000000)
  eden space 373760K, 100% used [0x000000076e500000,0x0000000785200000,0x0000000785200000)
  from space 169472K, 88% used [0x0000000785200000,0x000000078e51cd18,0x000000078f780000)
  to   space 170496K, 0% used [0x000000078f900000,0x000000078f900000,0x0000000799f80000)
 ParOldGen       total 1503744K, used 1049947K [0x00000006cae00000, 0x0000000726a80000, 0x000000076e500000)
  object space 1503744K, 69% used [0x00000006cae00000,0x000000070af56e98,0x0000000726a80000)
 Metaspace       used 29734K, capacity 31334K, committed 31744K, reserved 1077248K
  class space    used 3695K, capacity 4011K, committed 4096K, reserved 1048576K
Event: 20520.803 GC heap after
Heap after GC invocations=200 (full 6):
 PSYoungGen      total 539648K, used 139892K [0x000000076e500000, 0x0000000799a80000, 0x00000007c0000000)
  eden space 374272K, 0% used [0x000000076e500000,0x000000076e500000,0x0000000785280000)
  from space 165376K, 84% used [0x000000078f900000,0x000000079819d2e0,0x0000000799a80000)
  to   space 167936K, 0% used [0x0000000785280000,0x0000000785280000,0x000000078f680000)
 ParOldGen       total 1503744K, used 1052051K [0x00000006cae00000, 0x0000000726a80000, 0x000000076e500000)
  object space 1503744K, 69% used [0x00000006cae00000,0x000000070b164eb8,0x0000000726a80000)
 Metaspace       used 29734K, capacity 31334K, committed 31744K, reserved 1077248K
  class space    used 3695K, capacity 4011K, committed 4096K, reserved 1048576K
}

